{"D:\\Desktop\\Streamiify\\frontend\\src\\components\\ui\\AddToPlaylistModal.jsx": {"path":"D:\\Desktop\\Streamiify\\frontend\\src\\components\\ui\\AddToPlaylistModal.jsx","statementMap":{"0":{"start":{"line":9,"column":13},"end":{"line":246,"column":null}},"1":{"start":{"line":10,"column":38},"end":{"line":10,"column":null}},"2":{"start":{"line":11,"column":8},"end":{"line":11,"column":null}},"3":{"start":{"line":12,"column":8},"end":{"line":12,"column":null}},"4":{"start":{"line":13,"column":8},"end":{"line":13,"column":null}},"5":{"start":{"line":16,"column":25},"end":{"line":16,"column":null}},"6":{"start":{"line":17,"column":18},"end":{"line":17,"column":null}},"7":{"start":{"line":18,"column":25},"end":{"line":18,"column":null}},"8":{"start":{"line":19,"column":24},"end":{"line":19,"column":null}},"9":{"start":{"line":20,"column":22},"end":{"line":20,"column":null}},"10":{"start":{"line":22,"column":8},"end":{"line":42,"column":null}},"11":{"start":{"line":23,"column":4},"end":{"line":41,"column":null}},"12":{"start":{"line":24,"column":6},"end":{"line":31,"column":null}},"13":{"start":{"line":28,"column":12},"end":{"line":28,"column":null}},"14":{"start":{"line":33,"column":6},"end":{"line":40,"column":null}},"15":{"start":{"line":37,"column":12},"end":{"line":37,"column":null}},"16":{"start":{"line":44,"column":8},"end":{"line":87,"column":null}},"17":{"start":{"line":45,"column":4},"end":{"line":45,"column":null}},"18":{"start":{"line":46,"column":4},"end":{"line":46,"column":null}},"19":{"start":{"line":48,"column":4},"end":{"line":51,"column":null}},"20":{"start":{"line":49,"column":6},"end":{"line":49,"column":null}},"21":{"start":{"line":50,"column":6},"end":{"line":50,"column":null}},"22":{"start":{"line":53,"column":4},"end":{"line":86,"column":null}},"23":{"start":{"line":61,"column":30},"end":{"line":61,"column":null}},"24":{"start":{"line":62,"column":10},"end":{"line":62,"column":null}},"25":{"start":{"line":65,"column":10},"end":{"line":74,"column":null}},"26":{"start":{"line":66,"column":12},"end":{"line":73,"column":null}},"27":{"start":{"line":70,"column":18},"end":{"line":70,"column":null}},"28":{"start":{"line":77,"column":10},"end":{"line":77,"column":null}},"29":{"start":{"line":78,"column":10},"end":{"line":78,"column":null}},"30":{"start":{"line":79,"column":10},"end":{"line":79,"column":null}},"31":{"start":{"line":80,"column":10},"end":{"line":80,"column":null}},"32":{"start":{"line":83,"column":10},"end":{"line":83,"column":null}},"33":{"start":{"line":89,"column":21},"end":{"line":89,"column":null}},"34":{"start":{"line":91,"column":2},"end":{"line":244,"column":null}},"35":{"start":{"line":99,"column":16},"end":{"line":106,"column":null}},"36":{"start":{"line":118,"column":30},"end":{"line":120,"column":null}},"37":{"start":{"line":119,"column":17},"end":{"line":119,"column":null}},"38":{"start":{"line":122,"column":20},"end":{"line":123,"column":null}},"39":{"start":{"line":125,"column":37},"end":{"line":125,"column":null}},"40":{"start":{"line":127,"column":14},"end":{"line":168,"column":null}},"41":{"start":{"line":139,"column":38},"end":{"line":139,"column":null}},"42":{"start":{"line":178,"column":29},"end":{"line":178,"column":null}},"43":{"start":{"line":190,"column":33},"end":{"line":190,"column":null}},"44":{"start":{"line":202,"column":18},"end":{"line":202,"column":null}},"45":{"start":{"line":203,"column":18},"end":{"line":203,"column":null}},"46":{"start":{"line":203,"column":45},"end":{"line":203,"column":null}},"47":{"start":{"line":214,"column":33},"end":{"line":214,"column":null}},"48":{"start":{"line":222,"column":35},"end":{"line":222,"column":null}}},"fnMap":{"0":{"name":"(anonymous_0)","decl":{"start":{"line":9,"column":13},"end":{"line":9,"column":35}},"loc":{"start":{"line":9,"column":68},"end":{"line":246,"column":null}},"line":9},"1":{"name":"(anonymous_1)","decl":{"start":{"line":22,"column":8},"end":{"line":22,"column":29}},"loc":{"start":{"line":22,"column":51},"end":{"line":42,"column":null}},"line":22},"2":{"name":"(anonymous_2)","decl":{"start":{"line":27,"column":10},"end":{"line":27,"column":27}},"loc":{"start":{"line":27,"column":27},"end":{"line":29,"column":null}},"line":27},"3":{"name":"(anonymous_3)","decl":{"start":{"line":36,"column":10},"end":{"line":36,"column":27}},"loc":{"start":{"line":36,"column":27},"end":{"line":38,"column":null}},"line":36},"4":{"name":"(anonymous_4)","decl":{"start":{"line":44,"column":8},"end":{"line":44,"column":32}},"loc":{"start":{"line":44,"column":38},"end":{"line":87,"column":null}},"line":44},"5":{"name":"(anonymous_5)","decl":{"start":{"line":60,"column":8},"end":{"line":60,"column":20}},"loc":{"start":{"line":60,"column":29},"end":{"line":81,"column":null}},"line":60},"6":{"name":"(anonymous_6)","decl":{"start":{"line":69,"column":16},"end":{"line":69,"column":33}},"loc":{"start":{"line":69,"column":33},"end":{"line":71,"column":null}},"line":69},"7":{"name":"(anonymous_7)","decl":{"start":{"line":82,"column":8},"end":{"line":82,"column":18}},"loc":{"start":{"line":82,"column":26},"end":{"line":84,"column":null}},"line":82},"8":{"name":"(anonymous_8)","decl":{"start":{"line":98,"column":25},"end":{"line":98,"column":30}},"loc":{"start":{"line":99,"column":16},"end":{"line":106,"column":null}},"line":99},"9":{"name":"(anonymous_9)","decl":{"start":{"line":117,"column":22},"end":{"line":117,"column":27}},"loc":{"start":{"line":117,"column":40},"end":{"line":170,"column":13}},"line":117},"10":{"name":"(anonymous_10)","decl":{"start":{"line":118,"column":47},"end":{"line":118,"column":null}},"loc":{"start":{"line":119,"column":17},"end":{"line":119,"column":null}},"line":119},"11":{"name":"(anonymous_11)","decl":{"start":{"line":139,"column":22},"end":{"line":139,"column":38}},"loc":{"start":{"line":139,"column":38},"end":{"line":139,"column":null}},"line":139},"12":{"name":"(anonymous_12)","decl":{"start":{"line":178,"column":14},"end":{"line":178,"column":29}},"loc":{"start":{"line":178,"column":29},"end":{"line":178,"column":null}},"line":178},"13":{"name":"(anonymous_13)","decl":{"start":{"line":190,"column":18},"end":{"line":190,"column":33}},"loc":{"start":{"line":190,"column":33},"end":{"line":190,"column":null}},"line":190},"14":{"name":"(anonymous_14)","decl":{"start":{"line":201,"column":16},"end":{"line":201,"column":27}},"loc":{"start":{"line":201,"column":33},"end":{"line":204,"column":null}},"line":201},"15":{"name":"(anonymous_15)","decl":{"start":{"line":214,"column":16},"end":{"line":214,"column":27}},"loc":{"start":{"line":214,"column":33},"end":{"line":214,"column":null}},"line":214},"16":{"name":"(anonymous_16)","decl":{"start":{"line":222,"column":18},"end":{"line":222,"column":29}},"loc":{"start":{"line":222,"column":35},"end":{"line":222,"column":null}},"line":222}},"branchMap":{"0":{"loc":{"start":{"line":23,"column":4},"end":{"line":41,"column":null}},"type":"if","locations":[{"start":{"line":23,"column":4},"end":{"line":41,"column":null}},{"start":{"line":32,"column":11},"end":{"line":41,"column":null}}],"line":23},"1":{"loc":{"start":{"line":48,"column":4},"end":{"line":51,"column":null}},"type":"if","locations":[{"start":{"line":48,"column":4},"end":{"line":51,"column":null}},{"start":{},"end":{}}],"line":48},"2":{"loc":{"start":{"line":61,"column":30},"end":{"line":61,"column":null}},"type":"binary-expr","locations":[{"start":{"line":61,"column":30},"end":{"line":61,"column":44}},{"start":{"line":61,"column":44},"end":{"line":61,"column":null}}],"line":61},"3":{"loc":{"start":{"line":65,"column":10},"end":{"line":74,"column":null}},"type":"if","locations":[{"start":{"line":65,"column":10},"end":{"line":74,"column":null}},{"start":{},"end":{}}],"line":65},"4":{"loc":{"start":{"line":83,"column":22},"end":{"line":83,"column":66}},"type":"binary-expr","locations":[{"start":{"line":83,"column":22},"end":{"line":83,"column":38}},{"start":{"line":83,"column":38},"end":{"line":83,"column":66}}],"line":83},"5":{"loc":{"start":{"line":96,"column":11},"end":{"line":170,"column":null}},"type":"cond-expr","locations":[{"start":{"line":97,"column":12},"end":{"line":109,"column":null}},{"start":{"line":109,"column":14},"end":{"line":170,"column":null}}],"line":96},"6":{"loc":{"start":{"line":109,"column":14},"end":{"line":170,"column":null}},"type":"cond-expr","locations":[{"start":{"line":110,"column":12},"end":{"line":111,"column":15}},{"start":{"line":111,"column":14},"end":{"line":170,"column":null}}],"line":109},"7":{"loc":{"start":{"line":111,"column":14},"end":{"line":170,"column":null}},"type":"cond-expr","locations":[{"start":{"line":112,"column":12},"end":{"line":117,"column":22}},{"start":{"line":117,"column":12},"end":{"line":170,"column":null}}],"line":111},"8":{"loc":{"start":{"line":111,"column":14},"end":{"line":111,"column":null}},"type":"binary-expr","locations":[{"start":{"line":111,"column":14},"end":{"line":111,"column":28}},{"start":{"line":111,"column":28},"end":{"line":111,"column":null}}],"line":111},"9":{"loc":{"start":{"line":119,"column":24},"end":{"line":119,"column":64}},"type":"cond-expr","locations":[{"start":{"line":119,"column":48},"end":{"line":119,"column":52}},{"start":{"line":119,"column":52},"end":{"line":119,"column":64}}],"line":119},"10":{"loc":{"start":{"line":122,"column":20},"end":{"line":123,"column":null}},"type":"binary-expr","locations":[{"start":{"line":122,"column":34},"end":{"line":122,"column":64}},{"start":{"line":122,"column":64},"end":{"line":122,"column":null}},{"start":{"line":123,"column":17},"end":{"line":123,"column":76}},{"start":{"line":123,"column":76},"end":{"line":123,"column":null}}],"line":122},"11":{"loc":{"start":{"line":131,"column":20},"end":{"line":131,"column":null}},"type":"cond-expr","locations":[{"start":{"line":131,"column":30},"end":{"line":131,"column":67}},{"start":{"line":131,"column":67},"end":{"line":131,"column":null}}],"line":131},"12":{"loc":{"start":{"line":137,"column":31},"end":{"line":137,"column":null}},"type":"binary-expr","locations":[{"start":{"line":137,"column":31},"end":{"line":137,"column":42}},{"start":{"line":137,"column":42},"end":{"line":137,"column":null}}],"line":137},"13":{"loc":{"start":{"line":145,"column":23},"end":{"line":148,"column":null}},"type":"cond-expr","locations":[{"start":{"line":146,"column":24},"end":{"line":148,"column":25}},{"start":{"line":148,"column":24},"end":{"line":148,"column":null}}],"line":145},"14":{"loc":{"start":{"line":155,"column":25},"end":{"line":155,"column":51}},"type":"binary-expr","locations":[{"start":{"line":155,"column":25},"end":{"line":155,"column":49}},{"start":{"line":155,"column":49},"end":{"line":155,"column":51}}],"line":155},"15":{"loc":{"start":{"line":155,"column":53},"end":{"line":155,"column":null}},"type":"cond-expr","locations":[{"start":{"line":155,"column":82},"end":{"line":155,"column":92}},{"start":{"line":155,"column":92},"end":{"line":155,"column":null}}],"line":155},"16":{"loc":{"start":{"line":161,"column":20},"end":{"line":163,"column":null}},"type":"cond-expr","locations":[{"start":{"line":162,"column":24},"end":{"line":162,"column":null}},{"start":{"line":163,"column":24},"end":{"line":163,"column":null}}],"line":161},"17":{"loc":{"start":{"line":161,"column":20},"end":{"line":161,"column":null}},"type":"binary-expr","locations":[{"start":{"line":161,"column":20},"end":{"line":161,"column":56}},{"start":{"line":161,"column":56},"end":{"line":161,"column":null}}],"line":161},"18":{"loc":{"start":{"line":165,"column":21},"end":{"line":166,"column":21}},"type":"cond-expr","locations":[{"start":{"line":165,"column":92},"end":{"line":165,"column":114}},{"start":{"line":165,"column":113},"end":{"line":166,"column":21}}],"line":165},"19":{"loc":{"start":{"line":165,"column":21},"end":{"line":165,"column":92}},"type":"binary-expr","locations":[{"start":{"line":165,"column":21},"end":{"line":165,"column":57}},{"start":{"line":165,"column":57},"end":{"line":165,"column":92}}],"line":165},"20":{"loc":{"start":{"line":166,"column":50},"end":{"line":166,"column":88}},"type":"binary-expr","locations":[{"start":{"line":166,"column":50},"end":{"line":166,"column":73}},{"start":{"line":166,"column":73},"end":{"line":166,"column":88}}],"line":166},"21":{"loc":{"start":{"line":176,"column":11},"end":{"line":240,"column":null}},"type":"cond-expr","locations":[{"start":{"line":177,"column":12},"end":{"line":185,"column":13}},{"start":{"line":185,"column":12},"end":{"line":240,"column":null}}],"line":176},"22":{"loc":{"start":{"line":203,"column":18},"end":{"line":203,"column":null}},"type":"if","locations":[{"start":{"line":203,"column":18},"end":{"line":203,"column":null}},{"start":{},"end":{}}],"line":203}},"s":{"0":1,"1":1,"2":1,"3":1,"4":1,"5":1,"6":1,"7":1,"8":1,"9":1,"10":1,"11":0,"12":0,"13":0,"14":0,"15":0,"16":1,"17":0,"18":0,"19":0,"20":0,"21":0,"22":0,"23":0,"24":0,"25":0,"26":0,"27":0,"28":0,"29":0,"30":0,"31":0,"32":0,"33":1,"34":1,"35":3,"36":0,"37":0,"38":0,"39":0,"40":0,"41":0,"42":0,"43":0,"44":0,"45":0,"46":0,"47":0,"48":0},"f":{"0":1,"1":0,"2":0,"3":0,"4":0,"5":0,"6":0,"7":0,"8":3,"9":0,"10":0,"11":0,"12":0,"13":0,"14":0,"15":0,"16":0},"b":{"0":[0,0],"1":[0,0],"2":[0,0],"3":[0,0],"4":[0,0],"5":[1,0],"6":[0,0],"7":[0,0],"8":[0,0],"9":[0,0],"10":[0,0,0,0],"11":[0,0],"12":[0,0],"13":[0,0],"14":[0,0],"15":[0,0],"16":[0,0],"17":[0,0],"18":[0,0],"19":[0,0],"20":[0,0],"21":[1,0],"22":[0,0]},"meta":{"lastBranch":23,"lastFunction":17,"lastStatement":49,"seen":{"s:9:13:246:Infinity":0,"f:9:13:9:35":0,"s:10:38:10:Infinity":1,"s:11:8:11:Infinity":2,"s:12:8:12:Infinity":3,"s:13:8:13:Infinity":4,"s:16:25:16:Infinity":5,"s:17:18:17:Infinity":6,"s:18:25:18:Infinity":7,"s:19:24:19:Infinity":8,"s:20:22:20:Infinity":9,"s:22:8:42:Infinity":10,"f:22:8:22:29":1,"b:23:4:41:Infinity:32:11:41:Infinity":0,"s:23:4:41:Infinity":11,"s:24:6:31:Infinity":12,"f:27:10:27:27":2,"s:28:12:28:Infinity":13,"s:33:6:40:Infinity":14,"f:36:10:36:27":3,"s:37:12:37:Infinity":15,"s:44:8:87:Infinity":16,"f:44:8:44:32":4,"s:45:4:45:Infinity":17,"s:46:4:46:Infinity":18,"b:48:4:51:Infinity:undefined:undefined:undefined:undefined":1,"s:48:4:51:Infinity":19,"s:49:6:49:Infinity":20,"s:50:6:50:Infinity":21,"s:53:4:86:Infinity":22,"f:60:8:60:20":5,"s:61:30:61:Infinity":23,"b:61:30:61:44:61:44:61:Infinity":2,"s:62:10:62:Infinity":24,"b:65:10:74:Infinity:undefined:undefined:undefined:undefined":3,"s:65:10:74:Infinity":25,"s:66:12:73:Infinity":26,"f:69:16:69:33":6,"s:70:18:70:Infinity":27,"s:77:10:77:Infinity":28,"s:78:10:78:Infinity":29,"s:79:10:79:Infinity":30,"s:80:10:80:Infinity":31,"f:82:8:82:18":7,"s:83:10:83:Infinity":32,"b:83:22:83:38:83:38:83:66":4,"s:89:21:89:Infinity":33,"s:91:2:244:Infinity":34,"b:97:12:109:Infinity:109:14:170:Infinity":5,"f:98:25:98:30":8,"s:99:16:106:Infinity":35,"b:110:12:111:15:111:14:170:Infinity":6,"b:112:12:117:22:117:12:170:Infinity":7,"b:111:14:111:28:111:28:111:Infinity":8,"f:117:22:117:27":9,"s:118:30:120:Infinity":36,"f:118:47:118:Infinity":10,"s:119:17:119:Infinity":37,"b:119:48:119:52:119:52:119:64":9,"s:122:20:123:Infinity":38,"b:122:34:122:64:122:64:122:Infinity:123:17:123:76:123:76:123:Infinity":10,"s:125:37:125:Infinity":39,"s:127:14:168:Infinity":40,"b:131:30:131:67:131:67:131:Infinity":11,"b:137:31:137:42:137:42:137:Infinity":12,"f:139:22:139:38":11,"s:139:38:139:Infinity":41,"b:146:24:148:25:148:24:148:Infinity":13,"b:155:25:155:49:155:49:155:51":14,"b:155:82:155:92:155:92:155:Infinity":15,"b:162:24:162:Infinity:163:24:163:Infinity":16,"b:161:20:161:56:161:56:161:Infinity":17,"b:165:92:165:114:165:113:166:21":18,"b:165:21:165:57:165:57:165:92":19,"b:166:50:166:73:166:73:166:88":20,"b:177:12:185:13:185:12:240:Infinity":21,"f:178:14:178:29":12,"s:178:29:178:Infinity":42,"f:190:18:190:33":13,"s:190:33:190:Infinity":43,"f:201:16:201:27":14,"s:202:18:202:Infinity":44,"b:203:18:203:Infinity:undefined:undefined:undefined:undefined":22,"s:203:18:203:Infinity":45,"s:203:45:203:Infinity":46,"f:214:16:214:27":15,"s:214:33:214:Infinity":47,"f:222:18:222:29":16,"s:222:35:222:Infinity":48},"fnNames":{}}}
,"D:\\Desktop\\Streamiify\\frontend\\src\\components\\ui\\Avatar.jsx": {"path":"D:\\Desktop\\Streamiify\\frontend\\src\\components\\ui\\Avatar.jsx","statementMap":{"0":{"start":{"line":3,"column":13},"end":{"line":49,"column":null}},"1":{"start":{"line":9,"column":21},"end":{"line":9,"column":null}},"2":{"start":{"line":11,"column":8},"end":{"line":19,"column":null}},"3":{"start":{"line":12,"column":4},"end":{"line":18,"column":null}},"4":{"start":{"line":15,"column":18},"end":{"line":15,"column":22}},"5":{"start":{"line":21,"column":16},"end":{"line":26,"column":null}},"6":{"start":{"line":28,"column":23},"end":{"line":28,"column":null}},"7":{"start":{"line":30,"column":2},"end":{"line":47,"column":null}},"8":{"start":{"line":44,"column":25},"end":{"line":44,"column":null}}},"fnMap":{"0":{"name":"(anonymous_0)","decl":{"start":{"line":3,"column":13},"end":{"line":3,"column":23}},"loc":{"start":{"line":8,"column":6},"end":{"line":49,"column":null}},"line":8},"1":{"name":"(anonymous_1)","decl":{"start":{"line":11,"column":8},"end":{"line":11,"column":23}},"loc":{"start":{"line":11,"column":36},"end":{"line":19,"column":null}},"line":11},"2":{"name":"(anonymous_2)","decl":{"start":{"line":15,"column":7},"end":{"line":15,"column":12}},"loc":{"start":{"line":15,"column":18},"end":{"line":15,"column":22}},"line":15},"3":{"name":"(anonymous_3)","decl":{"start":{"line":44,"column":10},"end":{"line":44,"column":25}},"loc":{"start":{"line":44,"column":25},"end":{"line":44,"column":null}},"line":44}},"branchMap":{"0":{"loc":{"start":{"line":5,"column":2},"end":{"line":5,"column":null}},"type":"default-arg","locations":[{"start":{"line":5,"column":9},"end":{"line":5,"column":null}}],"line":5},"1":{"loc":{"start":{"line":6,"column":2},"end":{"line":6,"column":null}},"type":"default-arg","locations":[{"start":{"line":6,"column":9},"end":{"line":6,"column":null}}],"line":6},"2":{"loc":{"start":{"line":7,"column":2},"end":{"line":7,"column":null}},"type":"default-arg","locations":[{"start":{"line":7,"column":14},"end":{"line":7,"column":null}}],"line":7},"3":{"loc":{"start":{"line":28,"column":23},"end":{"line":28,"column":null}},"type":"binary-expr","locations":[{"start":{"line":28,"column":23},"end":{"line":28,"column":31}},{"start":{"line":28,"column":31},"end":{"line":28,"column":null}}],"line":28},"4":{"loc":{"start":{"line":32,"column":7},"end":{"line":45,"column":null}},"type":"cond-expr","locations":[{"start":{"line":33,"column":8},"end":{"line":40,"column":9}},{"start":{"line":40,"column":8},"end":{"line":45,"column":null}}],"line":32}},"s":{"0":1,"1":1,"2":1,"3":0,"4":0,"5":1,"6":1,"7":1,"8":0},"f":{"0":1,"1":0,"2":0,"3":0},"b":{"0":[1],"1":[1],"2":[1],"3":[1,1],"4":[0,1]},"meta":{"lastBranch":5,"lastFunction":4,"lastStatement":9,"seen":{"s:3:13:49:Infinity":0,"f:3:13:3:23":0,"b:5:9:5:Infinity":0,"b:6:9:6:Infinity":1,"b:7:14:7:Infinity":2,"s:9:21:9:Infinity":1,"s:11:8:19:Infinity":2,"f:11:8:11:23":1,"s:12:4:18:Infinity":3,"f:15:7:15:12":2,"s:15:18:15:22":4,"s:21:16:26:Infinity":5,"s:28:23:28:Infinity":6,"b:28:23:28:31:28:31:28:Infinity":3,"s:30:2:47:Infinity":7,"b:33:8:40:9:40:8:45:Infinity":4,"f:44:10:44:25":3,"s:44:25:44:Infinity":8},"fnNames":{}}}
,"D:\\Desktop\\Streamiify\\frontend\\src\\components\\ui\\Button.jsx": {"path":"D:\\Desktop\\Streamiify\\frontend\\src\\components\\ui\\Button.jsx","statementMap":{"0":{"start":{"line":3,"column":13},"end":{"line":38,"column":null}},"1":{"start":{"line":13,"column":19},"end":{"line":18,"column":null}},"2":{"start":{"line":20,"column":16},"end":{"line":24,"column":null}},"3":{"start":{"line":26,"column":2},"end":{"line":36,"column":null}}},"fnMap":{"0":{"name":"(anonymous_0)","decl":{"start":{"line":3,"column":13},"end":{"line":3,"column":23}},"loc":{"start":{"line":11,"column":6},"end":{"line":38,"column":null}},"line":11}},"branchMap":{"0":{"loc":{"start":{"line":5,"column":2},"end":{"line":5,"column":null}},"type":"default-arg","locations":[{"start":{"line":5,"column":12},"end":{"line":5,"column":null}}],"line":5},"1":{"loc":{"start":{"line":6,"column":2},"end":{"line":6,"column":null}},"type":"default-arg","locations":[{"start":{"line":6,"column":9},"end":{"line":6,"column":null}}],"line":6},"2":{"loc":{"start":{"line":7,"column":2},"end":{"line":7,"column":null}},"type":"default-arg","locations":[{"start":{"line":7,"column":14},"end":{"line":7,"column":null}}],"line":7},"3":{"loc":{"start":{"line":8,"column":2},"end":{"line":8,"column":null}},"type":"default-arg","locations":[{"start":{"line":8,"column":14},"end":{"line":8,"column":null}}],"line":8},"4":{"loc":{"start":{"line":29,"column":16},"end":{"line":29,"column":null}},"type":"binary-expr","locations":[{"start":{"line":29,"column":16},"end":{"line":29,"column":28}},{"start":{"line":29,"column":28},"end":{"line":29,"column":null}}],"line":29},"5":{"loc":{"start":{"line":32,"column":7},"end":{"line":34,"column":null}},"type":"cond-expr","locations":[{"start":{"line":33,"column":8},"end":{"line":34,"column":null}},{"start":{"line":34,"column":10},"end":{"line":34,"column":null}}],"line":32},"6":{"loc":{"start":{"line":35,"column":23},"end":{"line":35,"column":54}},"type":"cond-expr","locations":[{"start":{"line":35,"column":35},"end":{"line":35,"column":49}},{"start":{"line":35,"column":49},"end":{"line":35,"column":54}}],"line":35}},"s":{"0":3,"1":4,"2":4,"3":4},"f":{"0":4},"b":{"0":[4],"1":[4],"2":[4],"3":[4],"4":[4,4],"5":[1,3],"6":[1,3]},"meta":{"lastBranch":7,"lastFunction":1,"lastStatement":4,"seen":{"s:3:13:38:Infinity":0,"f:3:13:3:23":0,"b:5:12:5:Infinity":0,"b:6:9:6:Infinity":1,"b:7:14:7:Infinity":2,"b:8:14:8:Infinity":3,"s:13:19:18:Infinity":1,"s:20:16:24:Infinity":2,"s:26:2:36:Infinity":3,"b:29:16:29:28:29:28:29:Infinity":4,"b:33:8:34:Infinity:34:10:34:Infinity":5,"b:35:35:35:49:35:49:35:54":6},"fnNames":{}}}
,"D:\\Desktop\\Streamiify\\frontend\\src\\components\\ui\\ConfirmDialog.jsx": {"path":"D:\\Desktop\\Streamiify\\frontend\\src\\components\\ui\\ConfirmDialog.jsx","statementMap":{"0":{"start":{"line":5,"column":13},"end":{"line":39,"column":null}},"1":{"start":{"line":16,"column":2},"end":{"line":37,"column":null}}},"fnMap":{"0":{"name":"(anonymous_0)","decl":{"start":{"line":5,"column":13},"end":{"line":5,"column":30}},"loc":{"start":{"line":15,"column":6},"end":{"line":39,"column":null}},"line":15}},"branchMap":{"0":{"loc":{"start":{"line":9,"column":2},"end":{"line":9,"column":null}},"type":"default-arg","locations":[{"start":{"line":9,"column":10},"end":{"line":9,"column":null}}],"line":9},"1":{"loc":{"start":{"line":10,"column":2},"end":{"line":10,"column":null}},"type":"default-arg","locations":[{"start":{"line":10,"column":12},"end":{"line":10,"column":null}}],"line":10},"2":{"loc":{"start":{"line":11,"column":2},"end":{"line":11,"column":null}},"type":"default-arg","locations":[{"start":{"line":11,"column":17},"end":{"line":11,"column":null}}],"line":11},"3":{"loc":{"start":{"line":12,"column":2},"end":{"line":12,"column":null}},"type":"default-arg","locations":[{"start":{"line":12,"column":16},"end":{"line":12,"column":null}}],"line":12},"4":{"loc":{"start":{"line":13,"column":2},"end":{"line":13,"column":null}},"type":"default-arg","locations":[{"start":{"line":13,"column":13},"end":{"line":13,"column":null}}],"line":13},"5":{"loc":{"start":{"line":14,"column":2},"end":{"line":14,"column":null}},"type":"default-arg","locations":[{"start":{"line":14,"column":14},"end":{"line":14,"column":null}}],"line":14},"6":{"loc":{"start":{"line":29,"column":21},"end":{"line":29,"column":null}},"type":"cond-expr","locations":[{"start":{"line":29,"column":32},"end":{"line":29,"column":43}},{"start":{"line":29,"column":43},"end":{"line":29,"column":null}}],"line":29}},"s":{"0":2,"1":2},"f":{"0":2},"b":{"0":[2],"1":[2],"2":[2],"3":[2],"4":[2],"5":[2],"6":[1,1]},"meta":{"lastBranch":7,"lastFunction":1,"lastStatement":2,"seen":{"s:5:13:39:Infinity":0,"f:5:13:5:30":0,"b:9:10:9:Infinity":0,"b:10:12:10:Infinity":1,"b:11:17:11:Infinity":2,"b:12:16:12:Infinity":3,"b:13:13:13:Infinity":4,"b:14:14:14:Infinity":5,"s:16:2:37:Infinity":1,"b:29:32:29:43:29:43:29:Infinity":6},"fnNames":{}}}
,"D:\\Desktop\\Streamiify\\frontend\\src\\components\\ui\\EmptyState.jsx": {"path":"D:\\Desktop\\Streamiify\\frontend\\src\\components\\ui\\EmptyState.jsx","statementMap":{"0":{"start":{"line":5,"column":13},"end":{"line":26,"column":null}},"1":{"start":{"line":12,"column":2},"end":{"line":24,"column":null}}},"fnMap":{"0":{"name":"(anonymous_0)","decl":{"start":{"line":5,"column":13},"end":{"line":5,"column":27}},"loc":{"start":{"line":11,"column":6},"end":{"line":26,"column":null}},"line":11}},"branchMap":{"0":{"loc":{"start":{"line":6,"column":2},"end":{"line":6,"column":null}},"type":"default-arg","locations":[{"start":{"line":6,"column":10},"end":{"line":6,"column":null}}],"line":6},"1":{"loc":{"start":{"line":7,"column":2},"end":{"line":7,"column":null}},"type":"default-arg","locations":[{"start":{"line":7,"column":16},"end":{"line":7,"column":null}}],"line":7},"2":{"loc":{"start":{"line":10,"column":8},"end":{"line":10,"column":null}},"type":"default-arg","locations":[{"start":{"line":10,"column":15},"end":{"line":10,"column":null}}],"line":10},"3":{"loc":{"start":{"line":19,"column":7},"end":{"line":23,"column":null}},"type":"cond-expr","locations":[{"start":{"line":20,"column":8},"end":{"line":23,"column":null}},{"start":{"line":23,"column":10},"end":{"line":23,"column":null}}],"line":19},"4":{"loc":{"start":{"line":19,"column":7},"end":{"line":19,"column":null}},"type":"binary-expr","locations":[{"start":{"line":19,"column":7},"end":{"line":19,"column":22}},{"start":{"line":19,"column":22},"end":{"line":19,"column":null}}],"line":19}},"s":{"0":1,"1":1},"f":{"0":1},"b":{"0":[1],"1":[1],"2":[1],"3":[0,1],"4":[1,0]},"meta":{"lastBranch":5,"lastFunction":1,"lastStatement":2,"seen":{"s:5:13:26:Infinity":0,"f:5:13:5:27":0,"b:6:10:6:Infinity":0,"b:7:16:7:Infinity":1,"b:10:15:10:Infinity":2,"s:12:2:24:Infinity":1,"b:20:8:23:Infinity:23:10:23:Infinity":3,"b:19:7:19:22:19:22:19:Infinity":4},"fnNames":{}}}
,"D:\\Desktop\\Streamiify\\frontend\\src\\components\\ui\\ErrorState.jsx": {"path":"D:\\Desktop\\Streamiify\\frontend\\src\\components\\ui\\ErrorState.jsx","statementMap":{"0":{"start":{"line":5,"column":13},"end":{"line":25,"column":null}},"1":{"start":{"line":11,"column":2},"end":{"line":23,"column":null}}},"fnMap":{"0":{"name":"(anonymous_0)","decl":{"start":{"line":5,"column":13},"end":{"line":5,"column":27}},"loc":{"start":{"line":10,"column":6},"end":{"line":25,"column":null}},"line":10}},"branchMap":{"0":{"loc":{"start":{"line":6,"column":2},"end":{"line":6,"column":null}},"type":"default-arg","locations":[{"start":{"line":6,"column":10},"end":{"line":6,"column":null}}],"line":6},"1":{"loc":{"start":{"line":7,"column":2},"end":{"line":7,"column":null}},"type":"default-arg","locations":[{"start":{"line":7,"column":16},"end":{"line":7,"column":null}}],"line":7},"2":{"loc":{"start":{"line":9,"column":2},"end":{"line":9,"column":null}},"type":"default-arg","locations":[{"start":{"line":9,"column":15},"end":{"line":9,"column":null}}],"line":9},"3":{"loc":{"start":{"line":18,"column":7},"end":{"line":22,"column":null}},"type":"cond-expr","locations":[{"start":{"line":19,"column":8},"end":{"line":22,"column":null}},{"start":{"line":22,"column":10},"end":{"line":22,"column":null}}],"line":18}},"s":{"0":1,"1":1},"f":{"0":1},"b":{"0":[1],"1":[1],"2":[1],"3":[0,1]},"meta":{"lastBranch":4,"lastFunction":1,"lastStatement":2,"seen":{"s:5:13:25:Infinity":0,"f:5:13:5:27":0,"b:6:10:6:Infinity":0,"b:7:16:7:Infinity":1,"b:9:15:9:Infinity":2,"s:11:2:23:Infinity":1,"b:19:8:22:Infinity:22:10:22:Infinity":3},"fnNames":{}}}
,"D:\\Desktop\\Streamiify\\frontend\\src\\components\\ui\\InputField.jsx": {"path":"D:\\Desktop\\Streamiify\\frontend\\src\\components\\ui\\InputField.jsx","statementMap":{"0":{"start":{"line":3,"column":13},"end":{"line":30,"column":null}},"1":{"start":{"line":5,"column":20},"end":{"line":5,"column":null}},"2":{"start":{"line":7,"column":4},"end":{"line":27,"column":null}},"3":{"start":{"line":32,"column":0},"end":{"line":32,"column":null}}},"fnMap":{"0":{"name":"(anonymous_0)","decl":{"start":{"line":3,"column":26},"end":{"line":3,"column":null}},"loc":{"start":{"line":4,"column":68},"end":{"line":29,"column":null}},"line":4}},"branchMap":{"0":{"loc":{"start":{"line":4,"column":19},"end":{"line":4,"column":44}},"type":"default-arg","locations":[{"start":{"line":4,"column":40},"end":{"line":4,"column":44}}],"line":4},"1":{"loc":{"start":{"line":5,"column":20},"end":{"line":5,"column":null}},"type":"binary-expr","locations":[{"start":{"line":5,"column":20},"end":{"line":5,"column":26}},{"start":{"line":5,"column":26},"end":{"line":5,"column":null}}],"line":5},"2":{"loc":{"start":{"line":16,"column":12},"end":{"line":16,"column":null}},"type":"cond-expr","locations":[{"start":{"line":16,"column":20},"end":{"line":16,"column":60}},{"start":{"line":16,"column":60},"end":{"line":16,"column":null}}],"line":16},"3":{"loc":{"start":{"line":19,"column":28},"end":{"line":19,"column":null}},"type":"cond-expr","locations":[{"start":{"line":19,"column":36},"end":{"line":19,"column":57}},{"start":{"line":19,"column":57},"end":{"line":19,"column":null}}],"line":19},"4":{"loc":{"start":{"line":22,"column":9},"end":{"line":26,"column":null}},"type":"cond-expr","locations":[{"start":{"line":23,"column":10},"end":{"line":26,"column":null}},{"start":{"line":26,"column":12},"end":{"line":26,"column":null}}],"line":22}},"s":{"0":1,"1":0,"2":0,"3":1},"f":{"0":0},"b":{"0":[0],"1":[0,0],"2":[0,0],"3":[0,0],"4":[0,0]},"meta":{"lastBranch":5,"lastFunction":1,"lastStatement":4,"seen":{"s:3:13:30:Infinity":0,"f:3:26:3:Infinity":0,"b:4:40:4:44":0,"s:5:20:5:Infinity":1,"b:5:20:5:26:5:26:5:Infinity":1,"s:7:4:27:Infinity":2,"b:16:20:16:60:16:60:16:Infinity":2,"b:19:36:19:57:19:57:19:Infinity":3,"b:23:10:26:Infinity:26:12:26:Infinity":4,"s:32:0:32:Infinity":3},"fnNames":{}}}
,"D:\\Desktop\\Streamiify\\frontend\\src\\components\\ui\\Modal.jsx": {"path":"D:\\Desktop\\Streamiify\\frontend\\src\\components\\ui\\Modal.jsx","statementMap":{"0":{"start":{"line":4,"column":13},"end":{"line":99,"column":null}},"1":{"start":{"line":10,"column":8},"end":{"line":10,"column":null}},"2":{"start":{"line":13,"column":2},"end":{"line":29,"column":null}},"3":{"start":{"line":14,"column":10},"end":{"line":18,"column":null}},"4":{"start":{"line":15,"column":6},"end":{"line":17,"column":null}},"5":{"start":{"line":16,"column":8},"end":{"line":16,"column":null}},"6":{"start":{"line":20,"column":4},"end":{"line":23,"column":null}},"7":{"start":{"line":21,"column":6},"end":{"line":21,"column":null}},"8":{"start":{"line":22,"column":6},"end":{"line":22,"column":null}},"9":{"start":{"line":25,"column":4},"end":{"line":28,"column":null}},"10":{"start":{"line":26,"column":6},"end":{"line":26,"column":null}},"11":{"start":{"line":27,"column":6},"end":{"line":27,"column":null}},"12":{"start":{"line":32,"column":2},"end":{"line":68,"column":null}},"13":{"start":{"line":33,"column":4},"end":{"line":33,"column":null}},"14":{"start":{"line":33,"column":38},"end":{"line":33,"column":null}},"15":{"start":{"line":35,"column":25},"end":{"line":35,"column":null}},"16":{"start":{"line":36,"column":30},"end":{"line":38,"column":null}},"17":{"start":{"line":40,"column":4},"end":{"line":40,"column":null}},"18":{"start":{"line":40,"column":40},"end":{"line":40,"column":null}},"19":{"start":{"line":42,"column":25},"end":{"line":42,"column":null}},"20":{"start":{"line":43,"column":24},"end":{"line":43,"column":null}},"21":{"start":{"line":45,"column":10},"end":{"line":59,"column":null}},"22":{"start":{"line":46,"column":6},"end":{"line":46,"column":null}},"23":{"start":{"line":46,"column":27},"end":{"line":46,"column":null}},"24":{"start":{"line":48,"column":6},"end":{"line":58,"column":null}},"25":{"start":{"line":49,"column":8},"end":{"line":52,"column":null}},"26":{"start":{"line":50,"column":10},"end":{"line":50,"column":null}},"27":{"start":{"line":51,"column":10},"end":{"line":51,"column":null}},"28":{"start":{"line":54,"column":8},"end":{"line":57,"column":null}},"29":{"start":{"line":55,"column":10},"end":{"line":55,"column":null}},"30":{"start":{"line":56,"column":10},"end":{"line":56,"column":null}},"31":{"start":{"line":62,"column":4},"end":{"line":62,"column":null}},"32":{"start":{"line":64,"column":4},"end":{"line":64,"column":null}},"33":{"start":{"line":65,"column":4},"end":{"line":67,"column":null}},"34":{"start":{"line":66,"column":6},"end":{"line":66,"column":null}},"35":{"start":{"line":70,"column":2},"end":{"line":70,"column":null}},"36":{"start":{"line":70,"column":15},"end":{"line":70,"column":null}},"37":{"start":{"line":72,"column":2},"end":{"line":97,"column":null}}},"fnMap":{"0":{"name":"(anonymous_0)","decl":{"start":{"line":4,"column":13},"end":{"line":4,"column":22}},"loc":{"start":{"line":9,"column":6},"end":{"line":99,"column":null}},"line":9},"1":{"name":"(anonymous_1)","decl":{"start":{"line":13,"column":2},"end":{"line":13,"column":18}},"loc":{"start":{"line":13,"column":18},"end":{"line":29,"column":5}},"line":13},"2":{"name":"(anonymous_2)","decl":{"start":{"line":14,"column":10},"end":{"line":14,"column":27}},"loc":{"start":{"line":14,"column":33},"end":{"line":18,"column":null}},"line":14},"3":{"name":"(anonymous_3)","decl":{"start":{"line":25,"column":4},"end":{"line":25,"column":17}},"loc":{"start":{"line":25,"column":17},"end":{"line":28,"column":null}},"line":25},"4":{"name":"(anonymous_4)","decl":{"start":{"line":32,"column":2},"end":{"line":32,"column":18}},"loc":{"start":{"line":32,"column":18},"end":{"line":68,"column":5}},"line":32},"5":{"name":"(anonymous_5)","decl":{"start":{"line":45,"column":10},"end":{"line":45,"column":29}},"loc":{"start":{"line":45,"column":35},"end":{"line":59,"column":null}},"line":45},"6":{"name":"(anonymous_6)","decl":{"start":{"line":65,"column":4},"end":{"line":65,"column":17}},"loc":{"start":{"line":65,"column":17},"end":{"line":67,"column":null}},"line":65}},"branchMap":{"0":{"loc":{"start":{"line":15,"column":6},"end":{"line":17,"column":null}},"type":"if","locations":[{"start":{"line":15,"column":6},"end":{"line":17,"column":null}},{"start":{},"end":{}}],"line":15},"1":{"loc":{"start":{"line":20,"column":4},"end":{"line":23,"column":null}},"type":"if","locations":[{"start":{"line":20,"column":4},"end":{"line":23,"column":null}},{"start":{},"end":{}}],"line":20},"2":{"loc":{"start":{"line":33,"column":4},"end":{"line":33,"column":null}},"type":"if","locations":[{"start":{"line":33,"column":4},"end":{"line":33,"column":null}},{"start":{},"end":{}}],"line":33},"3":{"loc":{"start":{"line":33,"column":8},"end":{"line":33,"column":38}},"type":"binary-expr","locations":[{"start":{"line":33,"column":8},"end":{"line":33,"column":19}},{"start":{"line":33,"column":19},"end":{"line":33,"column":38}}],"line":33},"4":{"loc":{"start":{"line":40,"column":4},"end":{"line":40,"column":null}},"type":"if","locations":[{"start":{"line":40,"column":4},"end":{"line":40,"column":null}},{"start":{},"end":{}}],"line":40},"5":{"loc":{"start":{"line":46,"column":6},"end":{"line":46,"column":null}},"type":"if","locations":[{"start":{"line":46,"column":6},"end":{"line":46,"column":null}},{"start":{},"end":{}}],"line":46},"6":{"loc":{"start":{"line":48,"column":6},"end":{"line":58,"column":null}},"type":"if","locations":[{"start":{"line":48,"column":6},"end":{"line":58,"column":null}},{"start":{"line":53,"column":13},"end":{"line":58,"column":null}}],"line":48},"7":{"loc":{"start":{"line":49,"column":8},"end":{"line":52,"column":null}},"type":"if","locations":[{"start":{"line":49,"column":8},"end":{"line":52,"column":null}},{"start":{},"end":{}}],"line":49},"8":{"loc":{"start":{"line":54,"column":8},"end":{"line":57,"column":null}},"type":"if","locations":[{"start":{"line":54,"column":8},"end":{"line":57,"column":null}},{"start":{},"end":{}}],"line":54},"9":{"loc":{"start":{"line":70,"column":2},"end":{"line":70,"column":null}},"type":"if","locations":[{"start":{"line":70,"column":2},"end":{"line":70,"column":null}},{"start":{},"end":{}}],"line":70}},"s":{"0":2,"1":5,"2":5,"3":5,"4":1,"5":1,"6":5,"7":3,"8":3,"9":5,"10":5,"11":5,"12":5,"13":5,"14":2,"15":3,"16":3,"17":3,"18":0,"19":3,"20":3,"21":3,"22":1,"23":1,"24":0,"25":0,"26":0,"27":0,"28":0,"29":0,"30":0,"31":3,"32":3,"33":3,"34":3,"35":5,"36":2,"37":3},"f":{"0":5,"1":5,"2":1,"3":5,"4":5,"5":1,"6":3},"b":{"0":[1,0],"1":[3,2],"2":[2,3],"3":[5,3],"4":[0,3],"5":[1,0],"6":[0,0],"7":[0,0],"8":[0,0],"9":[2,3]},"meta":{"lastBranch":10,"lastFunction":7,"lastStatement":38,"seen":{"s:4:13:99:Infinity":0,"f:4:13:4:22":0,"s:10:8:10:Infinity":1,"s:13:2:29:Infinity":2,"f:13:2:13:18":1,"s:14:10:18:Infinity":3,"f:14:10:14:27":2,"b:15:6:17:Infinity:undefined:undefined:undefined:undefined":0,"s:15:6:17:Infinity":4,"s:16:8:16:Infinity":5,"b:20:4:23:Infinity:undefined:undefined:undefined:undefined":1,"s:20:4:23:Infinity":6,"s:21:6:21:Infinity":7,"s:22:6:22:Infinity":8,"s:25:4:28:Infinity":9,"f:25:4:25:17":3,"s:26:6:26:Infinity":10,"s:27:6:27:Infinity":11,"s:32:2:68:Infinity":12,"f:32:2:32:18":4,"b:33:4:33:Infinity:undefined:undefined:undefined:undefined":2,"s:33:4:33:Infinity":13,"b:33:8:33:19:33:19:33:38":3,"s:33:38:33:Infinity":14,"s:35:25:35:Infinity":15,"s:36:30:38:Infinity":16,"b:40:4:40:Infinity:undefined:undefined:undefined:undefined":4,"s:40:4:40:Infinity":17,"s:40:40:40:Infinity":18,"s:42:25:42:Infinity":19,"s:43:24:43:Infinity":20,"s:45:10:59:Infinity":21,"f:45:10:45:29":5,"b:46:6:46:Infinity:undefined:undefined:undefined:undefined":5,"s:46:6:46:Infinity":22,"s:46:27:46:Infinity":23,"b:48:6:58:Infinity:53:13:58:Infinity":6,"s:48:6:58:Infinity":24,"b:49:8:52:Infinity:undefined:undefined:undefined:undefined":7,"s:49:8:52:Infinity":25,"s:50:10:50:Infinity":26,"s:51:10:51:Infinity":27,"b:54:8:57:Infinity:undefined:undefined:undefined:undefined":8,"s:54:8:57:Infinity":28,"s:55:10:55:Infinity":29,"s:56:10:56:Infinity":30,"s:62:4:62:Infinity":31,"s:64:4:64:Infinity":32,"s:65:4:67:Infinity":33,"f:65:4:65:17":6,"s:66:6:66:Infinity":34,"b:70:2:70:Infinity:undefined:undefined:undefined:undefined":9,"s:70:2:70:Infinity":35,"s:70:15:70:Infinity":36,"s:72:2:97:Infinity":37},"fnNames":{}}}
,"D:\\Desktop\\Streamiify\\frontend\\src\\components\\ui\\PageLoader.jsx": {"path":"D:\\Desktop\\Streamiify\\frontend\\src\\components\\ui\\PageLoader.jsx","statementMap":{"0":{"start":{"line":3,"column":13},"end":{"line":12,"column":null}},"1":{"start":{"line":4,"column":2},"end":{"line":10,"column":null}}},"fnMap":{"0":{"name":"(anonymous_0)","decl":{"start":{"line":3,"column":13},"end":{"line":3,"column":27}},"loc":{"start":{"line":3,"column":73},"end":{"line":12,"column":null}},"line":3}},"branchMap":{"0":{"loc":{"start":{"line":3,"column":29},"end":{"line":3,"column":73}},"type":"default-arg","locations":[{"start":{"line":3,"column":39},"end":{"line":3,"column":73}}],"line":3}},"s":{"0":2,"1":1},"f":{"0":1},"b":{"0":[1]},"meta":{"lastBranch":1,"lastFunction":1,"lastStatement":2,"seen":{"s:3:13:12:Infinity":0,"f:3:13:3:27":0,"b:3:39:3:73":0,"s:4:2:10:Infinity":1},"fnNames":{}}}
,"D:\\Desktop\\Streamiify\\frontend\\src\\components\\video\\VideoCard.jsx": {"path":"D:\\Desktop\\Streamiify\\frontend\\src\\components\\video\\VideoCard.jsx","statementMap":{"0":{"start":{"line":15,"column":13},"end":{"line":243,"column":null}},"1":{"start":{"line":16,"column":17},"end":{"line":16,"column":null}},"2":{"start":{"line":17,"column":8},"end":{"line":17,"column":null}},"3":{"start":{"line":18,"column":10},"end":{"line":18,"column":null}},"4":{"start":{"line":18,"column":42},"end":{"line":18,"column":52}},"5":{"start":{"line":20,"column":19},"end":{"line":20,"column":null}},"6":{"start":{"line":21,"column":28},"end":{"line":21,"column":null}},"7":{"start":{"line":22,"column":30},"end":{"line":22,"column":null}},"8":{"start":{"line":28,"column":4},"end":{"line":29,"column":null}},"9":{"start":{"line":31,"column":8},"end":{"line":31,"column":null}},"10":{"start":{"line":32,"column":8},"end":{"line":32,"column":null}},"11":{"start":{"line":34,"column":2},"end":{"line":34,"column":null}},"12":{"start":{"line":34,"column":14},"end":{"line":34,"column":null}},"13":{"start":{"line":36,"column":18},"end":{"line":36,"column":null}},"14":{"start":{"line":39,"column":18},"end":{"line":39,"column":null}},"15":{"start":{"line":40,"column":18},"end":{"line":40,"column":null}},"16":{"start":{"line":42,"column":23},"end":{"line":42,"column":null}},"17":{"start":{"line":42,"column":47},"end":{"line":42,"column":85}},"18":{"start":{"line":43,"column":30},"end":{"line":43,"column":null}},"19":{"start":{"line":45,"column":8},"end":{"line":52,"column":null}},"20":{"start":{"line":46,"column":4},"end":{"line":46,"column":null}},"21":{"start":{"line":46,"column":18},"end":{"line":46,"column":null}},"22":{"start":{"line":47,"column":4},"end":{"line":51,"column":null}},"23":{"start":{"line":49,"column":8},"end":{"line":49,"column":null}},"24":{"start":{"line":54,"column":8},"end":{"line":62,"column":null}},"25":{"start":{"line":56,"column":4},"end":{"line":58,"column":null}},"26":{"start":{"line":57,"column":6},"end":{"line":57,"column":null}},"27":{"start":{"line":59,"column":4},"end":{"line":61,"column":null}},"28":{"start":{"line":60,"column":6},"end":{"line":60,"column":null}},"29":{"start":{"line":64,"column":2},"end":{"line":241,"column":null}},"30":{"start":{"line":77,"column":14},"end":{"line":77,"column":null}},"31":{"start":{"line":78,"column":14},"end":{"line":78,"column":null}},"32":{"start":{"line":79,"column":14},"end":{"line":79,"column":null}},"33":{"start":{"line":93,"column":18},"end":{"line":93,"column":null}},"34":{"start":{"line":94,"column":18},"end":{"line":94,"column":null}},"35":{"start":{"line":95,"column":18},"end":{"line":95,"column":null}},"36":{"start":{"line":100,"column":32},"end":{"line":100,"column":null}},"37":{"start":{"line":104,"column":33},"end":{"line":104,"column":null}},"38":{"start":{"line":112,"column":20},"end":{"line":112,"column":null}},"39":{"start":{"line":113,"column":20},"end":{"line":113,"column":null}},"40":{"start":{"line":114,"column":20},"end":{"line":114,"column":null}},"41":{"start":{"line":123,"column":20},"end":{"line":123,"column":null}},"42":{"start":{"line":124,"column":20},"end":{"line":124,"column":null}},"43":{"start":{"line":125,"column":20},"end":{"line":125,"column":null}},"44":{"start":{"line":135,"column":20},"end":{"line":135,"column":null}},"45":{"start":{"line":136,"column":20},"end":{"line":136,"column":null}},"46":{"start":{"line":137,"column":20},"end":{"line":137,"column":null}},"47":{"start":{"line":156,"column":14},"end":{"line":156,"column":null}},"48":{"start":{"line":157,"column":14},"end":{"line":157,"column":null}},"49":{"start":{"line":158,"column":14},"end":{"line":158,"column":null}},"50":{"start":{"line":192,"column":28},"end":{"line":192,"column":null}},"51":{"start":{"line":208,"column":28},"end":{"line":208,"column":null}},"52":{"start":{"line":226,"column":23},"end":{"line":226,"column":null}},"53":{"start":{"line":238,"column":23},"end":{"line":238,"column":null}}},"fnMap":{"0":{"name":"(anonymous_0)","decl":{"start":{"line":15,"column":13},"end":{"line":15,"column":26}},"loc":{"start":{"line":15,"column":57},"end":{"line":243,"column":null}},"line":15},"1":{"name":"(anonymous_1)","decl":{"start":{"line":18,"column":19},"end":{"line":18,"column":32}},"loc":{"start":{"line":18,"column":42},"end":{"line":18,"column":52}},"line":18},"2":{"name":"(anonymous_2)","decl":{"start":{"line":42,"column":41},"end":{"line":42,"column":47}},"loc":{"start":{"line":42,"column":47},"end":{"line":42,"column":85}},"line":42},"3":{"name":"(anonymous_3)","decl":{"start":{"line":45,"column":8},"end":{"line":45,"column":36}},"loc":{"start":{"line":45,"column":36},"end":{"line":52,"column":null}},"line":45},"4":{"name":"(anonymous_4)","decl":{"start":{"line":48,"column":6},"end":{"line":48,"column":23}},"loc":{"start":{"line":48,"column":23},"end":{"line":50,"column":null}},"line":48},"5":{"name":"(anonymous_5)","decl":{"start":{"line":54,"column":8},"end":{"line":54,"column":27}},"loc":{"start":{"line":54,"column":33},"end":{"line":62,"column":null}},"line":54},"6":{"name":"(anonymous_6)","decl":{"start":{"line":76,"column":12},"end":{"line":76,"column":22}},"loc":{"start":{"line":76,"column":28},"end":{"line":80,"column":null}},"line":76},"7":{"name":"(anonymous_7)","decl":{"start":{"line":92,"column":16},"end":{"line":92,"column":26}},"loc":{"start":{"line":92,"column":32},"end":{"line":96,"column":null}},"line":92},"8":{"name":"(anonymous_8)","decl":{"start":{"line":100,"column":16},"end":{"line":100,"column":26}},"loc":{"start":{"line":100,"column":32},"end":{"line":100,"column":null}},"line":100},"9":{"name":"(anonymous_9)","decl":{"start":{"line":104,"column":18},"end":{"line":104,"column":33}},"loc":{"start":{"line":104,"column":33},"end":{"line":104,"column":null}},"line":104},"10":{"name":"(anonymous_10)","decl":{"start":{"line":111,"column":18},"end":{"line":111,"column":28}},"loc":{"start":{"line":111,"column":34},"end":{"line":115,"column":null}},"line":111},"11":{"name":"(anonymous_11)","decl":{"start":{"line":122,"column":18},"end":{"line":122,"column":28}},"loc":{"start":{"line":122,"column":34},"end":{"line":126,"column":null}},"line":122},"12":{"name":"(anonymous_12)","decl":{"start":{"line":134,"column":18},"end":{"line":134,"column":28}},"loc":{"start":{"line":134,"column":34},"end":{"line":138,"column":null}},"line":134},"13":{"name":"(anonymous_13)","decl":{"start":{"line":155,"column":12},"end":{"line":155,"column":22}},"loc":{"start":{"line":155,"column":28},"end":{"line":159,"column":null}},"line":155},"14":{"name":"(anonymous_14)","decl":{"start":{"line":192,"column":12},"end":{"line":192,"column":22}},"loc":{"start":{"line":192,"column":28},"end":{"line":192,"column":null}},"line":192},"15":{"name":"(anonymous_15)","decl":{"start":{"line":208,"column":12},"end":{"line":208,"column":22}},"loc":{"start":{"line":208,"column":28},"end":{"line":208,"column":null}},"line":208},"16":{"name":"(anonymous_16)","decl":{"start":{"line":226,"column":8},"end":{"line":226,"column":23}},"loc":{"start":{"line":226,"column":23},"end":{"line":226,"column":null}},"line":226},"17":{"name":"(anonymous_17)","decl":{"start":{"line":238,"column":8},"end":{"line":238,"column":23}},"loc":{"start":{"line":238,"column":23},"end":{"line":238,"column":null}},"line":238}},"branchMap":{"0":{"loc":{"start":{"line":15,"column":35},"end":{"line":15,"column":57}},"type":"default-arg","locations":[{"start":{"line":15,"column":44},"end":{"line":15,"column":57}}],"line":15},"1":{"loc":{"start":{"line":34,"column":2},"end":{"line":34,"column":null}},"type":"if","locations":[{"start":{"line":34,"column":2},"end":{"line":34,"column":null}},{"start":{},"end":{}}],"line":34},"2":{"loc":{"start":{"line":36,"column":18},"end":{"line":36,"column":null}},"type":"binary-expr","locations":[{"start":{"line":36,"column":18},"end":{"line":36,"column":31}},{"start":{"line":36,"column":31},"end":{"line":36,"column":null}}],"line":36},"3":{"loc":{"start":{"line":39,"column":18},"end":{"line":39,"column":null}},"type":"binary-expr","locations":[{"start":{"line":39,"column":18},"end":{"line":39,"column":38}},{"start":{"line":39,"column":38},"end":{"line":39,"column":57}},{"start":{"line":39,"column":57},"end":{"line":39,"column":null}}],"line":39},"4":{"loc":{"start":{"line":40,"column":18},"end":{"line":40,"column":null}},"type":"binary-expr","locations":[{"start":{"line":40,"column":18},"end":{"line":40,"column":26}},{"start":{"line":40,"column":26},"end":{"line":40,"column":38}},{"start":{"line":40,"column":38},"end":{"line":40,"column":62}},{"start":{"line":40,"column":62},"end":{"line":40,"column":null}}],"line":40},"5":{"loc":{"start":{"line":42,"column":54},"end":{"line":42,"column":78}},"type":"binary-expr","locations":[{"start":{"line":42,"column":54},"end":{"line":42,"column":63}},{"start":{"line":42,"column":63},"end":{"line":42,"column":71}},{"start":{"line":42,"column":71},"end":{"line":42,"column":78}}],"line":42},"6":{"loc":{"start":{"line":43,"column":30},"end":{"line":43,"column":null}},"type":"binary-expr","locations":[{"start":{"line":43,"column":30},"end":{"line":43,"column":55}},{"start":{"line":43,"column":55},"end":{"line":43,"column":null}}],"line":43},"7":{"loc":{"start":{"line":46,"column":4},"end":{"line":46,"column":null}},"type":"if","locations":[{"start":{"line":46,"column":4},"end":{"line":46,"column":null}},{"start":{},"end":{}}],"line":46},"8":{"loc":{"start":{"line":56,"column":4},"end":{"line":58,"column":null}},"type":"if","locations":[{"start":{"line":56,"column":4},"end":{"line":58,"column":null}},{"start":{},"end":{}}],"line":56},"9":{"loc":{"start":{"line":56,"column":8},"end":{"line":56,"column":61}},"type":"binary-expr","locations":[{"start":{"line":56,"column":8},"end":{"line":56,"column":38}},{"start":{"line":56,"column":38},"end":{"line":56,"column":61}}],"line":56},"10":{"loc":{"start":{"line":59,"column":4},"end":{"line":61,"column":null}},"type":"if","locations":[{"start":{"line":59,"column":4},"end":{"line":61,"column":null}},{"start":{},"end":{}}],"line":59},"11":{"loc":{"start":{"line":68,"column":8},"end":{"line":68,"column":null}},"type":"cond-expr","locations":[{"start":{"line":68,"column":17},"end":{"line":68,"column":52}},{"start":{"line":68,"column":52},"end":{"line":68,"column":null}}],"line":68},"12":{"loc":{"start":{"line":72,"column":7},"end":{"line":146,"column":null}},"type":"binary-expr","locations":[{"start":{"line":72,"column":7},"end":{"line":72,"column":null}},{"start":{"line":73,"column":8},"end":{"line":146,"column":null}}],"line":72},"13":{"loc":{"start":{"line":87,"column":11},"end":{"line":146,"column":null}},"type":"binary-expr","locations":[{"start":{"line":87,"column":11},"end":{"line":87,"column":null}},{"start":{"line":88,"column":12},"end":{"line":146,"column":null}}],"line":87},"14":{"loc":{"start":{"line":130,"column":19},"end":{"line":130,"column":null}},"type":"cond-expr","locations":[{"start":{"line":130,"column":39},"end":{"line":130,"column":56}},{"start":{"line":130,"column":56},"end":{"line":130,"column":null}}],"line":130},"15":{"loc":{"start":{"line":149,"column":7},"end":{"line":171,"column":null}},"type":"binary-expr","locations":[{"start":{"line":149,"column":7},"end":{"line":149,"column":null}},{"start":{"line":150,"column":8},"end":{"line":171,"column":null}}],"line":149},"16":{"loc":{"start":{"line":151,"column":10},"end":{"line":151,"column":null}},"type":"cond-expr","locations":[{"start":{"line":151,"column":25},"end":{"line":151,"column":41}},{"start":{"line":151,"column":41},"end":{"line":151,"column":null}}],"line":151},"17":{"loc":{"start":{"line":163,"column":19},"end":{"line":163,"column":null}},"type":"cond-expr","locations":[{"start":{"line":163,"column":34},"end":{"line":163,"column":62}},{"start":{"line":163,"column":62},"end":{"line":163,"column":null}}],"line":163},"18":{"loc":{"start":{"line":165,"column":13},"end":{"line":168,"column":null}},"type":"cond-expr","locations":[{"start":{"line":166,"column":14},"end":{"line":168,"column":15}},{"start":{"line":168,"column":14},"end":{"line":168,"column":null}}],"line":165},"19":{"loc":{"start":{"line":168,"column":45},"end":{"line":168,"column":97}},"type":"cond-expr","locations":[{"start":{"line":168,"column":60},"end":{"line":168,"column":92}},{"start":{"line":168,"column":92},"end":{"line":168,"column":97}}],"line":168},"20":{"loc":{"start":{"line":177,"column":35},"end":{"line":177,"column":null}},"type":"cond-expr","locations":[{"start":{"line":177,"column":44},"end":{"line":177,"column":75}},{"start":{"line":177,"column":75},"end":{"line":177,"column":null}}],"line":177},"21":{"loc":{"start":{"line":188,"column":36},"end":{"line":188,"column":null}},"type":"cond-expr","locations":[{"start":{"line":188,"column":45},"end":{"line":188,"column":66}},{"start":{"line":188,"column":66},"end":{"line":188,"column":null}}],"line":188},"22":{"loc":{"start":{"line":189,"column":9},"end":{"line":199,"column":9}},"type":"binary-expr","locations":[{"start":{"line":189,"column":9},"end":{"line":189,"column":null}},{"start":{"line":190,"column":10},"end":{"line":199,"column":9}}],"line":189},"23":{"loc":{"start":{"line":191,"column":16},"end":{"line":191,"column":null}},"type":"cond-expr","locations":[{"start":{"line":191,"column":40},"end":{"line":191,"column":71}},{"start":{"line":191,"column":71},"end":{"line":191,"column":null}}],"line":191},"24":{"loc":{"start":{"line":195,"column":52},"end":{"line":195,"column":85}},"type":"binary-expr","locations":[{"start":{"line":195,"column":52},"end":{"line":195,"column":77}},{"start":{"line":195,"column":77},"end":{"line":195,"column":85}}],"line":195},"25":{"loc":{"start":{"line":207,"column":16},"end":{"line":207,"column":null}},"type":"cond-expr","locations":[{"start":{"line":207,"column":40},"end":{"line":207,"column":71}},{"start":{"line":207,"column":71},"end":{"line":207,"column":null}}],"line":207},"26":{"loc":{"start":{"line":211,"column":13},"end":{"line":211,"column":null}},"type":"binary-expr","locations":[{"start":{"line":211,"column":13},"end":{"line":211,"column":38}},{"start":{"line":211,"column":38},"end":{"line":211,"column":null}}],"line":211},"27":{"loc":{"start":{"line":216,"column":11},"end":{"line":219,"column":null}},"type":"binary-expr","locations":[{"start":{"line":216,"column":11},"end":{"line":216,"column":null}},{"start":{"line":217,"column":12},"end":{"line":219,"column":null}}],"line":216}},"s":{"0":1,"1":2,"2":2,"3":2,"4":4,"5":2,"6":2,"7":2,"8":2,"9":2,"10":2,"11":2,"12":1,"13":1,"14":2,"15":2,"16":2,"17":0,"18":2,"19":2,"20":0,"21":0,"22":0,"23":0,"24":2,"25":0,"26":0,"27":0,"28":0,"29":2,"30":0,"31":0,"32":0,"33":0,"34":0,"35":0,"36":0,"37":0,"38":0,"39":0,"40":0,"41":0,"42":0,"43":0,"44":0,"45":0,"46":0,"47":0,"48":0,"49":0,"50":0,"51":0,"52":0,"53":0},"f":{"0":2,"1":4,"2":0,"3":0,"4":0,"5":0,"6":0,"7":0,"8":0,"9":0,"10":0,"11":0,"12":0,"13":0,"14":0,"15":0,"16":0,"17":0},"b":{"0":[2],"1":[1,1],"2":[1,0],"3":[2,0,0],"4":[2,0,0,0],"5":[0,0,0],"6":[2,0],"7":[0,0],"8":[0,0],"9":[0,0],"10":[0,0],"11":[0,1],"12":[2,0],"13":[0,0],"14":[0,0],"15":[2,1],"16":[0,1],"17":[0,1],"18":[0,1],"19":[0,1],"20":[0,1],"21":[0,1],"22":[2,1],"23":[1,0],"24":[1,0],"25":[1,0],"26":[2,0],"27":[2,0]},"meta":{"lastBranch":28,"lastFunction":18,"lastStatement":54,"seen":{"s:15:13:243:Infinity":0,"f:15:13:15:26":0,"b:15:44:15:57":0,"s:16:17:16:Infinity":1,"s:17:8:17:Infinity":2,"s:18:10:18:Infinity":3,"f:18:19:18:32":1,"s:18:42:18:52":4,"s:20:19:20:Infinity":5,"s:21:28:21:Infinity":6,"s:22:30:22:Infinity":7,"s:28:4:29:Infinity":8,"s:31:8:31:Infinity":9,"s:32:8:32:Infinity":10,"b:34:2:34:Infinity:undefined:undefined:undefined:undefined":1,"s:34:2:34:Infinity":11,"s:34:14:34:Infinity":12,"s:36:18:36:Infinity":13,"b:36:18:36:31:36:31:36:Infinity":2,"s:39:18:39:Infinity":14,"b:39:18:39:38:39:38:39:57:39:57:39:Infinity":3,"s:40:18:40:Infinity":15,"b:40:18:40:26:40:26:40:38:40:38:40:62:40:62:40:Infinity":4,"s:42:23:42:Infinity":16,"f:42:41:42:47":2,"s:42:47:42:85":17,"b:42:54:42:63:42:63:42:71:42:71:42:78":5,"s:43:30:43:Infinity":18,"b:43:30:43:55:43:55:43:Infinity":6,"s:45:8:52:Infinity":19,"f:45:8:45:36":3,"b:46:4:46:Infinity:undefined:undefined:undefined:undefined":7,"s:46:4:46:Infinity":20,"s:46:18:46:Infinity":21,"s:47:4:51:Infinity":22,"f:48:6:48:23":4,"s:49:8:49:Infinity":23,"s:54:8:62:Infinity":24,"f:54:8:54:27":5,"b:56:4:58:Infinity:undefined:undefined:undefined:undefined":8,"s:56:4:58:Infinity":25,"b:56:8:56:38:56:38:56:61":9,"s:57:6:57:Infinity":26,"b:59:4:61:Infinity:undefined:undefined:undefined:undefined":10,"s:59:4:61:Infinity":27,"s:60:6:60:Infinity":28,"s:64:2:241:Infinity":29,"b:68:17:68:52:68:52:68:Infinity":11,"b:72:7:72:Infinity:73:8:146:Infinity":12,"f:76:12:76:22":6,"s:77:14:77:Infinity":30,"s:78:14:78:Infinity":31,"s:79:14:79:Infinity":32,"b:87:11:87:Infinity:88:12:146:Infinity":13,"f:92:16:92:26":7,"s:93:18:93:Infinity":33,"s:94:18:94:Infinity":34,"s:95:18:95:Infinity":35,"f:100:16:100:26":8,"s:100:32:100:Infinity":36,"f:104:18:104:33":9,"s:104:33:104:Infinity":37,"f:111:18:111:28":10,"s:112:20:112:Infinity":38,"s:113:20:113:Infinity":39,"s:114:20:114:Infinity":40,"f:122:18:122:28":11,"s:123:20:123:Infinity":41,"s:124:20:124:Infinity":42,"s:125:20:125:Infinity":43,"b:130:39:130:56:130:56:130:Infinity":14,"f:134:18:134:28":12,"s:135:20:135:Infinity":44,"s:136:20:136:Infinity":45,"s:137:20:137:Infinity":46,"b:149:7:149:Infinity:150:8:171:Infinity":15,"b:151:25:151:41:151:41:151:Infinity":16,"f:155:12:155:22":13,"s:156:14:156:Infinity":47,"s:157:14:157:Infinity":48,"s:158:14:158:Infinity":49,"b:163:34:163:62:163:62:163:Infinity":17,"b:166:14:168:15:168:14:168:Infinity":18,"b:168:60:168:92:168:92:168:97":19,"b:177:44:177:75:177:75:177:Infinity":20,"b:188:45:188:66:188:66:188:Infinity":21,"b:189:9:189:Infinity:190:10:199:9":22,"b:191:40:191:71:191:71:191:Infinity":23,"f:192:12:192:22":14,"s:192:28:192:Infinity":50,"b:195:52:195:77:195:77:195:85":24,"b:207:40:207:71:207:71:207:Infinity":25,"f:208:12:208:22":15,"s:208:28:208:Infinity":51,"b:211:13:211:38:211:38:211:Infinity":26,"b:216:11:216:Infinity:217:12:219:Infinity":27,"f:226:8:226:23":16,"s:226:23:226:Infinity":52,"f:238:8:238:23":17,"s:238:23:238:Infinity":53},"fnNames":{}}}
,"D:\\Desktop\\Streamiify\\frontend\\src\\components\\video\\VideoDuration.jsx": {"path":"D:\\Desktop\\Streamiify\\frontend\\src\\components\\video\\VideoDuration.jsx","statementMap":{"0":{"start":{"line":4,"column":13},"end":{"line":10,"column":null}},"1":{"start":{"line":5,"column":2},"end":{"line":8,"column":null}}},"fnMap":{"0":{"name":"(anonymous_0)","decl":{"start":{"line":4,"column":13},"end":{"line":4,"column":30}},"loc":{"start":{"line":4,"column":63},"end":{"line":10,"column":null}},"line":4}},"branchMap":{"0":{"loc":{"start":{"line":4,"column":42},"end":{"line":4,"column":63}},"type":"default-arg","locations":[{"start":{"line":4,"column":54},"end":{"line":4,"column":63}}],"line":4}},"s":{"0":1,"1":1},"f":{"0":1},"b":{"0":[1]},"meta":{"lastBranch":1,"lastFunction":1,"lastStatement":2,"seen":{"s:4:13:10:Infinity":0,"f:4:13:4:30":0,"b:4:54:4:63":0,"s:5:2:8:Infinity":1},"fnNames":{}}}
,"D:\\Desktop\\Streamiify\\frontend\\src\\components\\video\\VideoMeta.jsx": {"path":"D:\\Desktop\\Streamiify\\frontend\\src\\components\\video\\VideoMeta.jsx","statementMap":{"0":{"start":{"line":4,"column":13},"end":{"line":12,"column":null}},"1":{"start":{"line":5,"column":2},"end":{"line":10,"column":null}}},"fnMap":{"0":{"name":"(anonymous_0)","decl":{"start":{"line":4,"column":13},"end":{"line":4,"column":26}},"loc":{"start":{"line":4,"column":67},"end":{"line":12,"column":null}},"line":4}},"branchMap":{"0":{"loc":{"start":{"line":4,"column":46},"end":{"line":4,"column":67}},"type":"default-arg","locations":[{"start":{"line":4,"column":58},"end":{"line":4,"column":67}}],"line":4}},"s":{"0":1,"1":1},"f":{"0":1},"b":{"0":[1]},"meta":{"lastBranch":1,"lastFunction":1,"lastStatement":2,"seen":{"s:4:13:12:Infinity":0,"f:4:13:4:26":0,"b:4:58:4:67":0,"s:5:2:10:Infinity":1},"fnNames":{}}}
,"D:\\Desktop\\Streamiify\\frontend\\src\\components\\video\\VideoThumbnail.jsx": {"path":"D:\\Desktop\\Streamiify\\frontend\\src\\components\\video\\VideoThumbnail.jsx","statementMap":{"0":{"start":{"line":4,"column":13},"end":{"line":16,"column":null}},"1":{"start":{"line":5,"column":2},"end":{"line":14,"column":null}}},"fnMap":{"0":{"name":"(anonymous_0)","decl":{"start":{"line":4,"column":13},"end":{"line":4,"column":31}},"loc":{"start":{"line":4,"column":74},"end":{"line":16,"column":null}},"line":4}},"branchMap":{"0":{"loc":{"start":{"line":4,"column":53},"end":{"line":4,"column":74}},"type":"default-arg","locations":[{"start":{"line":4,"column":65},"end":{"line":4,"column":74}}],"line":4}},"s":{"0":1,"1":1},"f":{"0":1},"b":{"0":[1]},"meta":{"lastBranch":1,"lastFunction":1,"lastStatement":2,"seen":{"s:4:13:16:Infinity":0,"f:4:13:4:31":0,"b:4:65:4:74":0,"s:5:2:14:Infinity":1},"fnNames":{}}}
,"D:\\Desktop\\Streamiify\\frontend\\src\\hooks\\useDebounce.js": {"path":"D:\\Desktop\\Streamiify\\frontend\\src\\hooks\\useDebounce.js","statementMap":{"0":{"start":{"line":6,"column":13},"end":{"line":20,"column":null}},"1":{"start":{"line":7,"column":25},"end":{"line":7,"column":null}},"2":{"start":{"line":9,"column":2},"end":{"line":17,"column":null}},"3":{"start":{"line":10,"column":20},"end":{"line":12,"column":null}},"4":{"start":{"line":11,"column":6},"end":{"line":11,"column":null}},"5":{"start":{"line":14,"column":4},"end":{"line":16,"column":null}},"6":{"start":{"line":15,"column":6},"end":{"line":15,"column":null}},"7":{"start":{"line":19,"column":2},"end":{"line":19,"column":null}}},"fnMap":{"0":{"name":"(anonymous_0)","decl":{"start":{"line":6,"column":13},"end":{"line":6,"column":28}},"loc":{"start":{"line":6,"column":51},"end":{"line":20,"column":null}},"line":6},"1":{"name":"(anonymous_1)","decl":{"start":{"line":9,"column":2},"end":{"line":9,"column":18}},"loc":{"start":{"line":9,"column":18},"end":{"line":17,"column":5}},"line":9},"2":{"name":"(anonymous_2)","decl":{"start":{"line":10,"column":20},"end":{"line":10,"column":37}},"loc":{"start":{"line":10,"column":37},"end":{"line":12,"column":7}},"line":10},"3":{"name":"(anonymous_3)","decl":{"start":{"line":14,"column":4},"end":{"line":14,"column":17}},"loc":{"start":{"line":14,"column":17},"end":{"line":16,"column":null}},"line":14}},"branchMap":{"0":{"loc":{"start":{"line":6,"column":35},"end":{"line":6,"column":51}},"type":"default-arg","locations":[{"start":{"line":6,"column":43},"end":{"line":6,"column":51}}],"line":6}},"s":{"0":1,"1":4,"2":4,"3":3,"4":1,"5":3,"6":3,"7":4},"f":{"0":4,"1":3,"2":1,"3":3},"b":{"0":[4]},"meta":{"lastBranch":1,"lastFunction":4,"lastStatement":8,"seen":{"s:6:13:20:Infinity":0,"f:6:13:6:28":0,"b:6:43:6:51":0,"s:7:25:7:Infinity":1,"s:9:2:17:Infinity":2,"f:9:2:9:18":1,"s:10:20:12:Infinity":3,"f:10:20:10:37":2,"s:11:6:11:Infinity":4,"s:14:4:16:Infinity":5,"f:14:4:14:17":3,"s:15:6:15:Infinity":6,"s:19:2:19:Infinity":7},"fnNames":{}}}
,"D:\\Desktop\\Streamiify\\frontend\\src\\hooks\\useDeleteVideo.js": {"path":"D:\\Desktop\\Streamiify\\frontend\\src\\hooks\\useDeleteVideo.js","statementMap":{"0":{"start":{"line":8,"column":13},"end":{"line":25,"column":null}},"1":{"start":{"line":9,"column":8},"end":{"line":9,"column":null}},"2":{"start":{"line":11,"column":2},"end":{"line":24,"column":null}},"3":{"start":{"line":14,"column":6},"end":{"line":14,"column":null}},"4":{"start":{"line":16,"column":6},"end":{"line":16,"column":null}},"5":{"start":{"line":17,"column":6},"end":{"line":17,"column":null}},"6":{"start":{"line":18,"column":6},"end":{"line":18,"column":null}},"7":{"start":{"line":21,"column":23},"end":{"line":21,"column":null}},"8":{"start":{"line":22,"column":6},"end":{"line":22,"column":null}}},"fnMap":{"0":{"name":"(anonymous_0)","decl":{"start":{"line":8,"column":13},"end":{"line":8,"column":36}},"loc":{"start":{"line":8,"column":36},"end":{"line":25,"column":null}},"line":8},"1":{"name":"(anonymous_1)","decl":{"start":{"line":13,"column":4},"end":{"line":13,"column":16}},"loc":{"start":{"line":13,"column":29},"end":{"line":19,"column":null}},"line":13},"2":{"name":"(anonymous_2)","decl":{"start":{"line":20,"column":4},"end":{"line":20,"column":14}},"loc":{"start":{"line":20,"column":24},"end":{"line":23,"column":null}},"line":20}},"branchMap":{"0":{"loc":{"start":{"line":14,"column":20},"end":{"line":14,"column":70}},"type":"binary-expr","locations":[{"start":{"line":14,"column":20},"end":{"line":14,"column":41}},{"start":{"line":14,"column":41},"end":{"line":14,"column":70}}],"line":14},"1":{"loc":{"start":{"line":21,"column":23},"end":{"line":21,"column":null}},"type":"binary-expr","locations":[{"start":{"line":21,"column":23},"end":{"line":21,"column":41}},{"start":{"line":21,"column":41},"end":{"line":21,"column":null}}],"line":21}},"s":{"0":1,"1":2,"2":2,"3":0,"4":0,"5":0,"6":0,"7":0,"8":0},"f":{"0":2,"1":0,"2":0},"b":{"0":[0,0],"1":[0,0]},"meta":{"lastBranch":2,"lastFunction":3,"lastStatement":9,"seen":{"s:8:13:25:Infinity":0,"f:8:13:8:36":0,"s:9:8:9:Infinity":1,"s:11:2:24:Infinity":2,"f:13:4:13:16":1,"s:14:6:14:Infinity":3,"b:14:20:14:41:14:41:14:70":0,"s:16:6:16:Infinity":4,"s:17:6:17:Infinity":5,"s:18:6:18:Infinity":6,"f:20:4:20:14":2,"s:21:23:21:Infinity":7,"b:21:23:21:41:21:41:21:Infinity":1,"s:22:6:22:Infinity":8},"fnNames":{}}}
,"D:\\Desktop\\Streamiify\\frontend\\src\\hooks\\useToggleVideoStatus.js": {"path":"D:\\Desktop\\Streamiify\\frontend\\src\\hooks\\useToggleVideoStatus.js","statementMap":{"0":{"start":{"line":8,"column":13},"end":{"line":25,"column":null}},"1":{"start":{"line":9,"column":8},"end":{"line":9,"column":null}},"2":{"start":{"line":11,"column":2},"end":{"line":24,"column":null}},"3":{"start":{"line":14,"column":6},"end":{"line":14,"column":null}},"4":{"start":{"line":16,"column":6},"end":{"line":16,"column":null}},"5":{"start":{"line":17,"column":6},"end":{"line":17,"column":null}},"6":{"start":{"line":18,"column":6},"end":{"line":18,"column":null}},"7":{"start":{"line":21,"column":23},"end":{"line":21,"column":null}},"8":{"start":{"line":22,"column":6},"end":{"line":22,"column":null}}},"fnMap":{"0":{"name":"(anonymous_0)","decl":{"start":{"line":8,"column":13},"end":{"line":8,"column":42}},"loc":{"start":{"line":8,"column":42},"end":{"line":25,"column":null}},"line":8},"1":{"name":"(anonymous_1)","decl":{"start":{"line":13,"column":4},"end":{"line":13,"column":16}},"loc":{"start":{"line":13,"column":29},"end":{"line":19,"column":null}},"line":13},"2":{"name":"(anonymous_2)","decl":{"start":{"line":20,"column":4},"end":{"line":20,"column":14}},"loc":{"start":{"line":20,"column":24},"end":{"line":23,"column":null}},"line":20}},"branchMap":{"0":{"loc":{"start":{"line":14,"column":20},"end":{"line":14,"column":77}},"type":"binary-expr","locations":[{"start":{"line":14,"column":20},"end":{"line":14,"column":41}},{"start":{"line":14,"column":41},"end":{"line":14,"column":77}}],"line":14},"1":{"loc":{"start":{"line":21,"column":23},"end":{"line":21,"column":null}},"type":"binary-expr","locations":[{"start":{"line":21,"column":23},"end":{"line":21,"column":41}},{"start":{"line":21,"column":41},"end":{"line":21,"column":null}}],"line":21}},"s":{"0":1,"1":2,"2":2,"3":0,"4":0,"5":0,"6":0,"7":0,"8":0},"f":{"0":2,"1":0,"2":0},"b":{"0":[0,0],"1":[0,0]},"meta":{"lastBranch":2,"lastFunction":3,"lastStatement":9,"seen":{"s:8:13:25:Infinity":0,"f:8:13:8:42":0,"s:9:8:9:Infinity":1,"s:11:2:24:Infinity":2,"f:13:4:13:16":1,"s:14:6:14:Infinity":3,"b:14:20:14:41:14:41:14:77":0,"s:16:6:16:Infinity":4,"s:17:6:17:Infinity":5,"s:18:6:18:Infinity":6,"f:20:4:20:14":2,"s:21:23:21:Infinity":7,"b:21:23:21:41:21:41:21:Infinity":1,"s:22:6:22:Infinity":8},"fnNames":{}}}
,"D:\\Desktop\\Streamiify\\frontend\\src\\hooks\\useUserFeatures.js": {"path":"D:\\Desktop\\Streamiify\\frontend\\src\\hooks\\useUserFeatures.js","statementMap":{"0":{"start":{"line":38,"column":23},"end":{"line":51,"column":null}},"1":{"start":{"line":53,"column":13},"end":{"line":74,"column":null}},"2":{"start":{"line":54,"column":2},"end":{"line":73,"column":null}},"3":{"start":{"line":57,"column":6},"end":{"line":57,"column":null}},"4":{"start":{"line":58,"column":18},"end":{"line":58,"column":null}},"5":{"start":{"line":59,"column":6},"end":{"line":59,"column":null}},"6":{"start":{"line":60,"column":19},"end":{"line":60,"column":null}},"7":{"start":{"line":61,"column":19},"end":{"line":61,"column":null}},"8":{"start":{"line":62,"column":6},"end":{"line":68,"column":null}},"9":{"start":{"line":63,"column":8},"end":{"line":63,"column":null}},"10":{"start":{"line":64,"column":13},"end":{"line":68,"column":null}},"11":{"start":{"line":65,"column":8},"end":{"line":65,"column":null}},"12":{"start":{"line":66,"column":13},"end":{"line":68,"column":null}},"13":{"start":{"line":67,"column":8},"end":{"line":67,"column":null}},"14":{"start":{"line":69,"column":6},"end":{"line":69,"column":null}},"15":{"start":{"line":70,"column":6},"end":{"line":70,"column":null}},"16":{"start":{"line":79,"column":13},"end":{"line":128,"column":null}},"17":{"start":{"line":80,"column":8},"end":{"line":80,"column":null}},"18":{"start":{"line":82,"column":8},"end":{"line":102,"column":null}},"19":{"start":{"line":85,"column":6},"end":{"line":100,"column":null}},"20":{"start":{"line":86,"column":20},"end":{"line":86,"column":null}},"21":{"start":{"line":87,"column":25},"end":{"line":87,"column":null}},"22":{"start":{"line":88,"column":8},"end":{"line":97,"column":null}},"23":{"start":{"line":89,"column":25},"end":{"line":89,"column":37}},"24":{"start":{"line":90,"column":23},"end":{"line":97,"column":12}},"25":{"start":{"line":99,"column":8},"end":{"line":99,"column":null}},"26":{"start":{"line":104,"column":8},"end":{"line":110,"column":null}},"27":{"start":{"line":107,"column":6},"end":{"line":107,"column":null}},"28":{"start":{"line":108,"column":6},"end":{"line":108,"column":null}},"29":{"start":{"line":112,"column":8},"end":{"line":119,"column":null}},"30":{"start":{"line":115,"column":6},"end":{"line":115,"column":null}},"31":{"start":{"line":116,"column":6},"end":{"line":116,"column":null}},"32":{"start":{"line":117,"column":6},"end":{"line":117,"column":null}},"33":{"start":{"line":121,"column":2},"end":{"line":127,"column":null}},"34":{"start":{"line":130,"column":13},"end":{"line":151,"column":null}},"35":{"start":{"line":131,"column":2},"end":{"line":150,"column":null}},"36":{"start":{"line":134,"column":6},"end":{"line":148,"column":null}},"37":{"start":{"line":135,"column":20},"end":{"line":135,"column":null}},"38":{"start":{"line":136,"column":25},"end":{"line":136,"column":null}},"39":{"start":{"line":137,"column":8},"end":{"line":145,"column":null}},"40":{"start":{"line":138,"column":25},"end":{"line":138,"column":37}},"41":{"start":{"line":139,"column":23},"end":{"line":145,"column":12}},"42":{"start":{"line":147,"column":8},"end":{"line":147,"column":null}},"43":{"start":{"line":153,"column":13},"end":{"line":168,"column":null}},"44":{"start":{"line":154,"column":2},"end":{"line":167,"column":null}},"45":{"start":{"line":157,"column":6},"end":{"line":157,"column":null}},"46":{"start":{"line":157,"column":20},"end":{"line":157,"column":null}},"47":{"start":{"line":158,"column":6},"end":{"line":163,"column":null}},"48":{"start":{"line":159,"column":20},"end":{"line":159,"column":null}},"49":{"start":{"line":160,"column":8},"end":{"line":160,"column":null}},"50":{"start":{"line":162,"column":8},"end":{"line":162,"column":null}},"51":{"start":{"line":170,"column":13},"end":{"line":183,"column":null}},"52":{"start":{"line":171,"column":8},"end":{"line":171,"column":null}},"53":{"start":{"line":173,"column":2},"end":{"line":182,"column":null}},"54":{"start":{"line":175,"column":6},"end":{"line":175,"column":null}},"55":{"start":{"line":178,"column":6},"end":{"line":178,"column":null}},"56":{"start":{"line":179,"column":6},"end":{"line":179,"column":null}},"57":{"start":{"line":180,"column":6},"end":{"line":180,"column":null}},"58":{"start":{"line":188,"column":13},"end":{"line":263,"column":null}},"59":{"start":{"line":189,"column":8},"end":{"line":189,"column":null}},"60":{"start":{"line":191,"column":8},"end":{"line":209,"column":null}},"61":{"start":{"line":194,"column":6},"end":{"line":207,"column":null}},"62":{"start":{"line":195,"column":20},"end":{"line":195,"column":null}},"63":{"start":{"line":196,"column":22},"end":{"line":198,"column":null}},"64":{"start":{"line":199,"column":8},"end":{"line":204,"column":null}},"65":{"start":{"line":200,"column":28},"end":{"line":200,"column":46}},"66":{"start":{"line":201,"column":26},"end":{"line":204,"column":12}},"67":{"start":{"line":206,"column":8},"end":{"line":206,"column":null}},"68":{"start":{"line":211,"column":8},"end":{"line":251,"column":null}},"69":{"start":{"line":213,"column":22},"end":{"line":213,"column":null}},"70":{"start":{"line":214,"column":6},"end":{"line":214,"column":null}},"71":{"start":{"line":217,"column":22},"end":{"line":217,"column":null}},"72":{"start":{"line":218,"column":20},"end":{"line":218,"column":null}},"73":{"start":{"line":220,"column":6},"end":{"line":220,"column":null}},"74":{"start":{"line":221,"column":33},"end":{"line":221,"column":null}},"75":{"start":{"line":223,"column":6},"end":{"line":233,"column":null}},"76":{"start":{"line":224,"column":28},"end":{"line":224,"column":null}},"77":{"start":{"line":225,"column":23},"end":{"line":225,"column":null}},"78":{"start":{"line":225,"column":41},"end":{"line":225,"column":71}},"79":{"start":{"line":227,"column":8},"end":{"line":232,"column":null}},"80":{"start":{"line":228,"column":10},"end":{"line":228,"column":null}},"81":{"start":{"line":228,"column":37},"end":{"line":228,"column":67}},"82":{"start":{"line":230,"column":26},"end":{"line":230,"column":null}},"83":{"start":{"line":231,"column":10},"end":{"line":231,"column":null}},"84":{"start":{"line":235,"column":6},"end":{"line":235,"column":null}},"85":{"start":{"line":238,"column":6},"end":{"line":240,"column":null}},"86":{"start":{"line":239,"column":8},"end":{"line":239,"column":null}},"87":{"start":{"line":241,"column":6},"end":{"line":241,"column":null}},"88":{"start":{"line":244,"column":22},"end":{"line":244,"column":null}},"89":{"start":{"line":245,"column":23},"end":{"line":245,"column":null}},"90":{"start":{"line":245,"column":59},"end":{"line":245,"column":89}},"91":{"start":{"line":246,"column":6},"end":{"line":246,"column":null}},"92":{"start":{"line":249,"column":6},"end":{"line":249,"column":null}},"93":{"start":{"line":253,"column":2},"end":{"line":262,"column":null}},"94":{"start":{"line":268,"column":13},"end":{"line":291,"column":null}},"95":{"start":{"line":269,"column":8},"end":{"line":269,"column":null}},"96":{"start":{"line":271,"column":8},"end":{"line":281,"column":null}},"97":{"start":{"line":274,"column":6},"end":{"line":279,"column":null}},"98":{"start":{"line":275,"column":20},"end":{"line":275,"column":null}},"99":{"start":{"line":276,"column":8},"end":{"line":276,"column":null}},"100":{"start":{"line":278,"column":8},"end":{"line":278,"column":null}},"101":{"start":{"line":283,"column":8},"end":{"line":288,"column":null}},"102":{"start":{"line":286,"column":6},"end":{"line":286,"column":null}},"103":{"start":{"line":290,"column":2},"end":{"line":290,"column":null}},"104":{"start":{"line":296,"column":13},"end":{"line":308,"column":null}},"105":{"start":{"line":297,"column":2},"end":{"line":307,"column":null}},"106":{"start":{"line":300,"column":6},"end":{"line":305,"column":null}},"107":{"start":{"line":301,"column":20},"end":{"line":301,"column":null}},"108":{"start":{"line":302,"column":8},"end":{"line":302,"column":null}},"109":{"start":{"line":304,"column":8},"end":{"line":304,"column":null}},"110":{"start":{"line":313,"column":13},"end":{"line":349,"column":null}},"111":{"start":{"line":314,"column":8},"end":{"line":314,"column":null}},"112":{"start":{"line":316,"column":8},"end":{"line":326,"column":null}},"113":{"start":{"line":319,"column":6},"end":{"line":324,"column":null}},"114":{"start":{"line":320,"column":20},"end":{"line":320,"column":null}},"115":{"start":{"line":321,"column":8},"end":{"line":321,"column":null}},"116":{"start":{"line":323,"column":8},"end":{"line":323,"column":null}},"117":{"start":{"line":328,"column":8},"end":{"line":333,"column":null}},"118":{"start":{"line":331,"column":6},"end":{"line":331,"column":null}},"119":{"start":{"line":335,"column":8},"end":{"line":340,"column":null}},"120":{"start":{"line":338,"column":6},"end":{"line":338,"column":null}},"121":{"start":{"line":342,"column":2},"end":{"line":348,"column":null}},"122":{"start":{"line":354,"column":13},"end":{"line":418,"column":null}},"123":{"start":{"line":355,"column":8},"end":{"line":355,"column":null}},"124":{"start":{"line":357,"column":8},"end":{"line":368,"column":null}},"125":{"start":{"line":360,"column":6},"end":{"line":360,"column":null}},"126":{"start":{"line":360,"column":22},"end":{"line":360,"column":null}},"127":{"start":{"line":361,"column":18},"end":{"line":361,"column":null}},"128":{"start":{"line":362,"column":6},"end":{"line":365,"column":null}},"129":{"start":{"line":370,"column":8},"end":{"line":408,"column":null}},"130":{"start":{"line":372,"column":6},"end":{"line":372,"column":null}},"131":{"start":{"line":372,"column":22},"end":{"line":372,"column":null}},"132":{"start":{"line":373,"column":6},"end":{"line":373,"column":null}},"133":{"start":{"line":377,"column":6},"end":{"line":377,"column":null}},"134":{"start":{"line":380,"column":29},"end":{"line":380,"column":null}},"135":{"start":{"line":383,"column":6},"end":{"line":390,"column":null}},"136":{"start":{"line":384,"column":8},"end":{"line":384,"column":null}},"137":{"start":{"line":384,"column":18},"end":{"line":384,"column":null}},"138":{"start":{"line":385,"column":30},"end":{"line":385,"column":null}},"139":{"start":{"line":386,"column":8},"end":{"line":389,"column":null}},"140":{"start":{"line":393,"column":6},"end":{"line":393,"column":null}},"141":{"start":{"line":397,"column":6},"end":{"line":399,"column":null}},"142":{"start":{"line":398,"column":8},"end":{"line":398,"column":null}},"143":{"start":{"line":400,"column":6},"end":{"line":400,"column":null}},"144":{"start":{"line":404,"column":6},"end":{"line":404,"column":null}},"145":{"start":{"line":406,"column":6},"end":{"line":406,"column":null}},"146":{"start":{"line":410,"column":2},"end":{"line":417,"column":null}},"147":{"start":{"line":423,"column":13},"end":{"line":435,"column":null}},"148":{"start":{"line":424,"column":2},"end":{"line":434,"column":null}},"149":{"start":{"line":427,"column":23},"end":{"line":427,"column":null}},"150":{"start":{"line":428,"column":6},"end":{"line":428,"column":null}},"151":{"start":{"line":431,"column":6},"end":{"line":431,"column":null}},"152":{"start":{"line":440,"column":13},"end":{"line":453,"column":null}},"153":{"start":{"line":441,"column":2},"end":{"line":452,"column":null}},"154":{"start":{"line":444,"column":6},"end":{"line":444,"column":null}},"155":{"start":{"line":444,"column":22},"end":{"line":444,"column":null}},"156":{"start":{"line":445,"column":23},"end":{"line":445,"column":null}},"157":{"start":{"line":446,"column":6},"end":{"line":446,"column":null}},"158":{"start":{"line":447,"column":6},"end":{"line":449,"column":null}},"159":{"start":{"line":458,"column":13},"end":{"line":468,"column":null}},"160":{"start":{"line":459,"column":2},"end":{"line":467,"column":null}},"161":{"start":{"line":462,"column":23},"end":{"line":462,"column":null}},"162":{"start":{"line":463,"column":6},"end":{"line":465,"column":null}},"163":{"start":{"line":473,"column":13},"end":{"line":483,"column":null}},"164":{"start":{"line":474,"column":2},"end":{"line":482,"column":null}},"165":{"start":{"line":477,"column":6},"end":{"line":477,"column":null}},"166":{"start":{"line":477,"column":23},"end":{"line":477,"column":null}},"167":{"start":{"line":478,"column":23},"end":{"line":478,"column":null}},"168":{"start":{"line":479,"column":6},"end":{"line":479,"column":null}},"169":{"start":{"line":488,"column":13},"end":{"line":500,"column":null}},"170":{"start":{"line":489,"column":2},"end":{"line":499,"column":null}},"171":{"start":{"line":492,"column":6},"end":{"line":492,"column":null}},"172":{"start":{"line":492,"column":19},"end":{"line":492,"column":null}},"173":{"start":{"line":493,"column":23},"end":{"line":493,"column":null}},"174":{"start":{"line":494,"column":6},"end":{"line":496,"column":null}},"175":{"start":{"line":505,"column":13},"end":{"line":515,"c
[...]
ll}},"1":{"start":{"line":4,"column":2},"end":{"line":4,"column":null}},"2":{"start":{"line":4,"column":37},"end":{"line":4,"column":null}},"3":{"start":{"line":5,"column":15},"end":{"line":5,"column":null}},"4":{"start":{"line":6,"column":15},"end":{"line":6,"column":null}},"5":{"start":{"line":7,"column":15},"end":{"line":7,"column":null}},"6":{"start":{"line":9,"column":2},"end":{"line":13,"column":null}},"7":{"start":{"line":10,"column":4},"end":{"line":10,"column":null}},"8":{"start":{"line":12,"column":4},"end":{"line":12,"column":null}},"9":{"start":{"line":15,"column":2},"end":{"line":15,"column":null}},"10":{"start":{"line":16,"column":2},"end":{"line":16,"column":null}},"11":{"start":{"line":16,"column":12},"end":{"line":16,"column":null}},"12":{"start":{"line":18,"column":2},"end":{"line":32,"column":null}},"13":{"start":{"line":19,"column":4},"end":{"line":19,"column":null}},"14":{"start":{"line":20,"column":4},"end":{"line":20,"column":null}},"15":{"start":{"line":21,"column":4},"end":{"line":24,"column":null}},"16":{"start":{"line":22,"column":6},"end":{"line":22,"column":null}},"17":{"start":{"line":23,"column":6},"end":{"line":23,"column":null}},"18":{"start":{"line":26,"column":4},"end":{"line":26,"column":null}},"19":{"start":{"line":27,"column":4},"end":{"line":27,"column":null}},"20":{"start":{"line":28,"column":4},"end":{"line":31,"column":null}},"21":{"start":{"line":29,"column":6},"end":{"line":29,"column":null}},"22":{"start":{"line":30,"column":6},"end":{"line":30,"column":null}},"23":{"start":{"line":35,"column":21},"end":{"line":38,"column":null}},"24":{"start":{"line":40,"column":6},"end":{"line":60,"column":null}},"25":{"start":{"line":45,"column":6},"end":{"line":45,"column":null}},"26":{"start":{"line":48,"column":6},"end":{"line":48,"column":null}},"27":{"start":{"line":51,"column":20},"end":{"line":51,"column":null}},"28":{"start":{"line":52,"column":6},"end":{"line":52,"column":null}},"29":{"start":{"line":53,"column":6},"end":{"line":53,"column":null}},"30":{"start":{"line":54,"column":6},"end":{"line":54,"column":null}},"31":{"start":{"line":57,"column":6},"end":{"line":57,"column":null}},"32":{"start":{"line":62,"column":80},"end":{"line":62,"column":null}}},"fnMap":{"0":{"name":"(anonymous_0)","decl":{"start":{"line":3,"column":6},"end":{"line":3,"column":23}},"loc":{"start":{"line":3,"column":33},"end":{"line":33,"column":null}},"line":3},"1":{"name":"(anonymous_1)","decl":{"start":{"line":44,"column":4},"end":{"line":44,"column":20}},"loc":{"start":{"line":44,"column":30},"end":{"line":46,"column":null}},"line":44},"2":{"name":"(anonymous_2)","decl":{"start":{"line":47,"column":4},"end":{"line":47,"column":25}},"loc":{"start":{"line":47,"column":43},"end":{"line":49,"column":null}},"line":47},"3":{"name":"(anonymous_3)","decl":{"start":{"line":50,"column":4},"end":{"line":50,"column":15}},"loc":{"start":{"line":50,"column":33},"end":{"line":55,"column":null}},"line":50},"4":{"name":"(anonymous_4)","decl":{"start":{"line":56,"column":4},"end":{"line":56,"column":22}},"loc":{"start":{"line":56,"column":32},"end":{"line":58,"column":null}},"line":56}},"branchMap":{"0":{"loc":{"start":{"line":4,"column":2},"end":{"line":4,"column":null}},"type":"if","locations":[{"start":{"line":4,"column":2},"end":{"line":4,"column":null}},{"start":{},"end":{}}],"line":4},"1":{"loc":{"start":{"line":9,"column":2},"end":{"line":13,"column":null}},"type":"if","locations":[{"start":{"line":9,"column":2},"end":{"line":13,"column":null}},{"start":{"line":11,"column":9},"end":{"line":13,"column":null}}],"line":9},"2":{"loc":{"start":{"line":15,"column":34},"end":{"line":15,"column":59}},"type":"cond-expr","locations":[{"start":{"line":15,"column":43},"end":{"line":15,"column":52}},{"start":{"line":15,"column":52},"end":{"line":15,"column":59}}],"line":15},"3":{"loc":{"start":{"line":16,"column":2},"end":{"line":16,"column":null}},"type":"if","locations":[{"start":{"line":16,"column":2},"end":{"line":16,"column":null}},{"start":{},"end":{}}],"line":16},"4":{"loc":{"start":{"line":16,"column":44},"end":{"line":16,"column":69}},"type":"cond-expr","locations":[{"start":{"line":16,"column":53},"end":{"line":16,"column":62}},{"start":{"line":16,"column":62},"end":{"line":16,"column":69}}],"line":16},"5":{"loc":{"start":{"line":18,"column":2},"end":{"line":32,"column":null}},"type":"if","locations":[{"start":{"line":18,"column":2},"end":{"line":32,"column":null}},{"start":{"line":25,"column":9},"end":{"line":32,"column":null}}],"line":18},"6":{"loc":{"start":{"line":21,"column":4},"end":{"line":24,"column":null}},"type":"if","locations":[{"start":{"line":21,"column":4},"end":{"line":24,"column":null}},{"start":{},"end":{}}],"line":21},"7":{"loc":{"start":{"line":28,"column":4},"end":{"line":31,"column":null}},"type":"if","locations":[{"start":{"line":28,"column":4},"end":{"line":31,"column":null}},{"start":{},"end":{}}],"line":28},"8":{"loc":{"start":{"line":36,"column":9},"end":{"line":36,"column":null}},"type":"binary-expr","locations":[{"start":{"line":36,"column":9},"end":{"line":36,"column":52}},{"start":{"line":36,"column":52},"end":{"line":36,"column":null}}],"line":36}},"s":{"0":6,"1":1,"2":0,"3":1,"4":1,"5":1,"6":1,"7":0,"8":1,"9":1,"10":1,"11":1,"12":1,"13":0,"14":0,"15":0,"16":0,"17":0,"18":1,"19":1,"20":1,"21":1,"22":1,"23":6,"24":6,"25":1,"26":0,"27":1,"28":1,"29":1,"30":1,"31":0,"32":6},"f":{"0":1,"1":1,"2":0,"3":1,"4":0},"b":{"0":[0,1],"1":[0,1],"2":[0,1],"3":[1,0],"4":[0,1],"5":[0,1],"6":[0,0],"7":[1,0],"8":[6,6]},"meta":{"lastBranch":9,"lastFunction":5,"lastStatement":33,"seen":{"s:3:6:33:Infinity":0,"f:3:6:3:23":0,"b:4:2:4:Infinity:undefined:undefined:undefined:undefined":0,"s:4:2:4:Infinity":1,"s:4:37:4:Infinity":2,"s:5:15:5:Infinity":3,"s:6:15:6:Infinity":4,"s:7:15:7:Infinity":5,"b:9:2:13:Infinity:11:9:13:Infinity":1,"s:9:2:13:Infinity":6,"s:10:4:10:Infinity":7,"s:12:4:12:Infinity":8,"s:15:2:15:Infinity":9,"b:15:43:15:52:15:52:15:59":2,"b:16:2:16:Infinity:undefined:undefined:undefined:undefined":3,"s:16:2:16:Infinity":10,"s:16:12:16:Infinity":11,"b:16:53:16:62:16:62:16:69":4,"b:18:2:32:Infinity:25:9:32:Infinity":5,"s:18:2:32:Infinity":12,"s:19:4:19:Infinity":13,"s:20:4:20:Infinity":14,"b:21:4:24:Infinity:undefined:undefined:undefined:undefined":6,"s:21:4:24:Infinity":15,"s:22:6:22:Infinity":16,"s:23:6:23:Infinity":17,"s:26:4:26:Infinity":18,"s:27:4:27:Infinity":19,"b:28:4:31:Infinity:undefined:undefined:undefined:undefined":7,"s:28:4:31:Infinity":20,"s:29:6:29:Infinity":21,"s:30:6:30:Infinity":22,"s:35:21:38:Infinity":23,"b:36:9:36:52:36:52:36:Infinity":8,"s:40:6:60:Infinity":24,"f:44:4:44:20":1,"s:45:6:45:Infinity":25,"f:47:4:47:25":2,"s:48:6:48:Infinity":26,"f:50:4:50:15":3,"s:51:20:51:Infinity":27,"s:52:6:52:Infinity":28,"s:53:6:53:Infinity":29,"s:54:6:54:Infinity":30,"f:56:4:56:22":4,"s:57:6:57:Infinity":31,"s:62:80:62:Infinity":32},"fnNames":{}}}
,"D:\\Desktop\\Streamiify\\frontend\\src\\utils\\index.js": {"path":"D:\\Desktop\\Streamiify\\frontend\\src\\utils\\index.js","statementMap":{"0":{"start":{"line":8,"column":2},"end":{"line":8,"column":null}},"1":{"start":{"line":15,"column":2},"end":{"line":15,"column":null}},"2":{"start":{"line":15,"column":18},"end":{"line":15,"column":null}},"3":{"start":{"line":16,"column":15},"end":{"line":16,"column":null}},"4":{"start":{"line":17,"column":2},"end":{"line":17,"column":null}},"5":{"start":{"line":17,"column":29},"end":{"line":17,"column":null}},"6":{"start":{"line":19,"column":2},"end":{"line":25,"column":null}},"7":{"start":{"line":20,"column":4},"end":{"line":24,"column":null}},"8":{"start":{"line":27,"column":2},"end":{"line":31,"column":null}},"9":{"start":{"line":38,"column":2},"end":{"line":38,"column":null}},"10":{"start":{"line":38,"column":55},"end":{"line":38,"column":null}},"11":{"start":{"line":40,"column":17},"end":{"line":40,"column":null}},"12":{"start":{"line":42,"column":2},"end":{"line":44,"column":null}},"13":{"start":{"line":43,"column":4},"end":{"line":43,"column":null}},"14":{"start":{"line":45,"column":2},"end":{"line":47,"column":null}},"15":{"start":{"line":46,"column":4},"end":{"line":46,"column":null}},"16":{"start":{"line":48,"column":2},"end":{"line":50,"column":null}},"17":{"start":{"line":49,"column":4},"end":{"line":49,"column":null}},"18":{"start":{"line":52,"column":2},"end":{"line":52,"column":null}},"19":{"start":{"line":59,"column":2},"end":{"line":59,"column":null}},"20":{"start":{"line":59,"column":13},"end":{"line":59,"column":null}},"21":{"start":{"line":60,"column":2},"end":{"line":60,"column":null}},"22":{"start":{"line":60,"column":32},"end":{"line":60,"column":null}},"23":{"start":{"line":61,"column":2},"end":{"line":61,"column":null}},"24":{"start":{"line":68,"column":2},"end":{"line":68,"column":null}},"25":{"start":{"line":68,"column":67},"end":{"line":68,"column":null}},"26":{"start":{"line":69,"column":14},"end":{"line":69,"column":null}},"27":{"start":{"line":70,"column":15},"end":{"line":70,"column":null}},"28":{"start":{"line":71,"column":15},"end":{"line":71,"column":null}},"29":{"start":{"line":73,"column":8},"end":{"line":73,"column":null}},"30":{"start":{"line":73,"column":23},"end":{"line":73,"column":null}},"31":{"start":{"line":75,"column":2},"end":{"line":77,"column":null}},"32":{"start":{"line":76,"column":4},"end":{"line":76,"column":null}},"33":{"start":{"line":78,"column":2},"end":{"line":78,"column":null}},"34":{"start":{"line":85,"column":2},"end":{"line":85,"column":null}},"35":{"start":{"line":85,"column":19},"end":{"line":85,"column":null}},"36":{"start":{"line":86,"column":15},"end":{"line":86,"column":null}},"37":{"start":{"line":87,"column":14},"end":{"line":87,"column":null}},"38":{"start":{"line":88,"column":17},"end":{"line":88,"column":null}},"39":{"start":{"line":89,"column":19},"end":{"line":89,"column":null}},"40":{"start":{"line":90,"column":19},"end":{"line":90,"column":null}},"41":{"start":{"line":91,"column":18},"end":{"line":91,"column":null}},"42":{"start":{"line":92,"column":19},"end":{"line":92,"column":null}},"43":{"start":{"line":93,"column":21},"end":{"line":93,"column":null}},"44":{"start":{"line":95,"column":2},"end":{"line":95,"column":null}},"45":{"start":{"line":95,"column":21},"end":{"line":95,"column":null}},"46":{"start":{"line":96,"column":2},"end":{"line":96,"column":null}},"47":{"start":{"line":96,"column":21},"end":{"line":96,"column":null}},"48":{"start":{"line":97,"column":2},"end":{"line":97,"column":null}},"49":{"start":{"line":97,"column":20},"end":{"line":97,"column":null}},"50":{"start":{"line":98,"column":2},"end":{"line":98,"column":null}},"51":{"start":{"line":98,"column":21},"end":{"line":98,"column":null}},"52":{"start":{"line":99,"column":2},"end":{"line":99,"column":null}},"53":{"start":{"line":99,"column":23},"end":{"line":99,"column":null}},"54":{"start":{"line":100,"column":2},"end":{"line":100,"column":null}}},"fnMap":{"0":{"name":"cn","decl":{"start":{"line":7,"column":16},"end":{"line":7,"column":19}},"loc":{"start":{"line":7,"column":30},"end":{"line":9,"column":null}},"line":7},"1":{"name":"formatDate","decl":{"start":{"line":14,"column":16},"end":{"line":14,"column":27}},"loc":{"start":{"line":14,"column":59},"end":{"line":32,"column":null}},"line":14},"2":{"name":"formatNumber","decl":{"start":{"line":37,"column":16},"end":{"line":37,"column":29}},"loc":{"start":{"line":37,"column":34},"end":{"line":53,"column":null}},"line":37},"3":{"name":"truncateText","decl":{"start":{"line":58,"column":16},"end":{"line":58,"column":29}},"loc":{"start":{"line":58,"column":52},"end":{"line":62,"column":null}},"line":58},"4":{"name":"formatDuration","decl":{"start":{"line":67,"column":16},"end":{"line":67,"column":31}},"loc":{"start":{"line":67,"column":40},"end":{"line":79,"column":null}},"line":67},"5":{"name":"(anonymous_5)","decl":{"start":{"line":73,"column":8},"end":{"line":73,"column":15}},"loc":{"start":{"line":73,"column":23},"end":{"line":73,"column":null}},"line":73},"6":{"name":"formatTimeAgo","decl":{"start":{"line":84,"column":16},"end":{"line":84,"column":30}},"loc":{"start":{"line":84,"column":42},"end":{"line":101,"column":null}},"line":84}},"branchMap":{"0":{"loc":{"start":{"line":14,"column":38},"end":{"line":14,"column":59}},"type":"default-arg","locations":[{"start":{"line":14,"column":47},"end":{"line":14,"column":59}}],"line":14},"1":{"loc":{"start":{"line":15,"column":2},"end":{"line":15,"column":null}},"type":"if","locations":[{"start":{"line":15,"column":2},"end":{"line":15,"column":null}},{"start":{},"end":{}}],"line":15},"2":{"loc":{"start":{"line":17,"column":2},"end":{"line":17,"column":null}},"type":"if","locations":[{"start":{"line":17,"column":2},"end":{"line":17,"column":null}},{"start":{},"end":{}}],"line":17},"3":{"loc":{"start":{"line":19,"column":2},"end":{"line":25,"column":null}},"type":"if","locations":[{"start":{"line":19,"column":2},"end":{"line":25,"column":null}},{"start":{},"end":{}}],"line":19},"4":{"loc":{"start":{"line":38,"column":2},"end":{"line":38,"column":null}},"type":"if","locations":[{"start":{"line":38,"column":2},"end":{"line":38,"column":null}},{"start":{},"end":{}}],"line":38},"5":{"loc":{"start":{"line":38,"column":6},"end":{"line":38,"column":55}},"type":"binary-expr","locations":[{"start":{"line":38,"column":6},"end":{"line":38,"column":22}},{"start":{"line":38,"column":22},"end":{"line":38,"column":43}},{"start":{"line":38,"column":43},"end":{"line":38,"column":55}}],"line":38},"6":{"loc":{"start":{"line":42,"column":2},"end":{"line":44,"column":null}},"type":"if","locations":[{"start":{"line":42,"column":2},"end":{"line":44,"column":null}},{"start":{},"end":{}}],"line":42},"7":{"loc":{"start":{"line":45,"column":2},"end":{"line":47,"column":null}},"type":"if","locations":[{"start":{"line":45,"column":2},"end":{"line":47,"column":null}},{"start":{},"end":{}}],"line":45},"8":{"loc":{"start":{"line":48,"column":2},"end":{"line":50,"column":null}},"type":"if","locations":[{"start":{"line":48,"column":2},"end":{"line":50,"column":null}},{"start":{},"end":{}}],"line":48},"9":{"loc":{"start":{"line":58,"column":35},"end":{"line":58,"column":52}},"type":"default-arg","locations":[{"start":{"line":58,"column":47},"end":{"line":58,"column":52}}],"line":58},"10":{"loc":{"start":{"line":59,"column":2},"end":{"line":59,"column":null}},"type":"if","locations":[{"start":{"line":59,"column":2},"end":{"line":59,"column":null}},{"start":{},"end":{}}],"line":59},"11":{"loc":{"start":{"line":60,"column":2},"end":{"line":60,"column":null}},"type":"if","locations":[{"start":{"line":60,"column":2},"end":{"line":60,"column":null}},{"start":{},"end":{}}],"line":60},"12":{"loc":{"start":{"line":68,"column":2},"end":{"line":68,"column":null}},"type":"if","locations":[{"start":{"line":68,"column":2},"end":{"line":68,"column":null}},{"start":{},"end":{}}],"line":68},"13":{"loc":{"start":{"line":68,"column":6},"end":{"line":68,"column":67}},"type":"binary-expr","locations":[{"start":{"line":68,"column":6},"end":{"line":68,"column":24}},{"start":{"line":68,"column":24},"end":{"line":68,"column":44}},{"start":{"line":68,"column":44},"end":{"line":68,"column":67}}],"line":68},"14":{"loc":{"start":{"line":75,"column":2},"end":{"line":77,"column":null}},"type":"if","locations":[{"start":{"line":75,"column":2},"end":{"line":77,"column":null}},{"start":{},"end":{}}],"line":75},"15":{"loc":{"start":{"line":85,"column":2},"end":{"line":85,"column":null}},"type":"if","locations":[{"start":{"line":85,"column":2},"end":{"line":85,"column":null}},{"start":{},"end":{}}],"line":85},"16":{"loc":{"start":{"line":95,"column":2},"end":{"line":95,"column":null}},"type":"if","locations":[{"start":{"line":95,"column":2},"end":{"line":95,"column":null}},{"start":{},"end":{}}],"line":95},"17":{"loc":{"start":{"line":96,"column":2},"end":{"line":96,"column":null}},"type":"if","locations":[{"start":{"line":96,"column":2},"end":{"line":96,"column":null}},{"start":{},"end":{}}],"line":96},"18":{"loc":{"start":{"line":97,"column":2},"end":{"line":97,"column":null}},"type":"if","locations":[{"start":{"line":97,"column":2},"end":{"line":97,"column":null}},{"start":{},"end":{}}],"line":97},"19":{"loc":{"start":{"line":98,"column":2},"end":{"line":98,"column":null}},"type":"if","locations":[{"start":{"line":98,"column":2},"end":{"line":98,"column":null}},{"start":{},"end":{}}],"line":98},"20":{"loc":{"start":{"line":99,"column":2},"end":{"line":99,"column":null}},"type":"if","locations":[{"start":{"line":99,"column":2},"end":{"line":99,"column":null}},{"start":{},"end":{}}],"line":99}},"s":{"0":0,"1":0,"2":0,"3":0,"4":0,"5":0,"6":0,"7":0,"8":0,"9":1,"10":0,"11":1,"12":1,"13":0,"14":1,"15":0,"16":1,"17":1,"18":0,"19":0,"20":0,"21":0,"22":0,"23":0,"24":1,"25":0,"26":1,"27":1,"28":1,"29":1,"30":1,"31":1,"32":0,"33":1,"34":1,"35":0,"36":1,"37":1,"38":1,"39":1,"40":1,"41":1,"42":1,"43":1,"44":1,"45":1,"46":0,"47":0,"48":0,"49":0,"50":0,"51":0,"52":0,"53":0,"54":0},"f":{"0":0,"1":0,"2":1,"3":0,"4":1,"5":1,"6":1},"b":{"0":[0],"1":[0,0],"2":[0,0],"3":[0,0],"4":[0,1],"5":[1,1,1],"6":[0,1],"7":[0,1],"8":[1,0],"9":[0],"10":[0,0],"11":[0,0],"12":[0,1],"13":[1,1,1],"14":[0,1],"15":[0,1],"16":[1,0],"17":[0,0],"18":[0,0],"19":[0,0],"20":[0,0]},"meta":{"lastBranch":21,"lastFunction":7,"lastStatement":55,"seen":{"f:7:16:7:19":0,"s:8:2:8:Infinity":0,"f:14:16:14:27":1,"b:14:47:14:59":0,"b:15:2:15:Infinity:undefined:undefined:undefined:undefined":1,"s:15:2:15:Infinity":1,"s:15:18:15:Infinity":2,"s:16:15:16:Infinity":3,"b:17:2:17:Infinity:undefined:undefined:undefined:undefined":2,"s:17:2:17:Infinity":4,"s:17:29:17:Infinity":5,"b:19:2:25:Infinity:undefined:undefined:undefined:undefined":3,"s:19:2:25:Infinity":6,"s:20:4:24:Infinity":7,"s:27:2:31:Infinity":8,"f:37:16:37:29":2,"b:38:2:38:Infinity:undefined:undefined:undefined:undefined":4,"s:38:2:38:Infinity":9,"b:38:6:38:22:38:22:38:43:38:43:38:55":5,"s:38:55:38:Infinity":10,"s:40:17:40:Infinity":11,"b:42:2:44:Infinity:undefined:undefined:undefined:undefined":6,"s:42:2:44:Infinity":12,"s:43:4:43:Infinity":13,"b:45:2:47:Infinity:undefined:undefined:undefined:undefined":7,"s:45:2:47:Infinity":14,"s:46:4:46:Infinity":15,"b:48:2:50:Infinity:undefined:undefined:undefined:undefined":8,"s:48:2:50:Infinity":16,"s:49:4:49:Infinity":17,"s:52:2:52:Infinity":18,"f:58:16:58:29":3,"b:58:47:58:52":9,"b:59:2:59:Infinity:undefined:undefined:undefined:undefined":10,"s:59:2:59:Infinity":19,"s:59:13:59:Infinity":20,"b:60:2:60:Infinity:undefined:undefined:undefined:undefined":11,"s:60:2:60:Infinity":21,"s:60:32:60:Infinity":22,"s:61:2:61:Infinity":23,"f:67:16:67:31":4,"b:68:2:68:Infinity:undefined:undefined:undefined:undefined":12,"s:68:2:68:Infinity":24,"b:68:6:68:24:68:24:68:44:68:44:68:67":13,"s:68:67:68:Infinity":25,"s:69:14:69:Infinity":26,"s:70:15:70:Infinity":27,"s:71:15:71:Infinity":28,"s:73:8:73:Infinity":29,"f:73:8:73:15":5,"s:73:23:73:Infinity":30,"b:75:2:77:Infinity:undefined:undefined:undefined:undefined":14,"s:75:2:77:Infinity":31,"s:76:4:76:Infinity":32,"s:78:2:78:Infinity":33,"f:84:16:84:30":6,"b:85:2:85:Infinity:undefined:undefined:undefined:undefined":15,"s:85:2:85:Infinity":34,"s:85:19:85:Infinity":35,"s:86:15:86:Infinity":36,"s:87:14:87:Infinity":37,"s:88:17:88:Infinity":38,"s:89:19:89:Infinity":39,"s:90:19:90:Infinity":40,"s:91:18:91:Infinity":41,"s:92:19:92:Infinity":42,"s:93:21:93:Infinity":43,"b:95:2:95:Infinity:undefined:undefined:undefined:undefined":16,"s:95:2:95:Infinity":44,"s:95:21:95:Infinity":45,"b:96:2:96:Infinity:undefined:undefined:undefined:undefined":17,"s:96:2:96:Infinity":46,"s:96:21:96:Infinity":47,"b:97:2:97:Infinity:undefined:undefined:undefined:undefined":18,"s:97:2:97:Infinity":48,"s:97:20:97:Infinity":49,"b:98:2:98:Infinity:undefined:undefined:undefined:undefined":19,"s:98:2:98:Infinity":50,"s:98:21:98:Infinity":51,"b:99:2:99:Infinity:undefined:undefined:undefined:undefined":20,"s:99:2:99:Infinity":52,"s:99:23:99:Infinity":53,"s:100:2:100:Infinity":54},"fnNames":{}}}
}
